#
# There is insufficient memory for the Java Runtime Environment to continue.
# Native memory allocation (mmap) failed to map 117440512 bytes for G1 virtual space
# Possible reasons:
#   The system is out of physical RAM or swap space
#   The process is running with CompressedOops enabled, and the Java Heap may be blocking the growth of the native heap
# Possible solutions:
#   Reduce memory load on the system
#   Increase physical memory or swap space
#   Check if swap backing store is full
#   Decrease Java heap size (-Xmx/-Xms)
#   Decrease number of Java threads
#   Decrease Java thread stack sizes (-Xss)
#   Set larger code cache with -XX:ReservedCodeCacheSize=
#   JVM is running with Unscaled Compressed Oops mode in which the Java heap is
#     placed in the first 4GB address space. The Java Heap base address is the
#     maximum limit for the native heap growth. Please use -XX:HeapBaseMinAddress
#     to set the Java Heap base and to place the Java Heap above 4GB virtual address.
# This output file may be truncated or incomplete.
#
#  Out of Memory Error (os_windows.cpp:3536), pid=14036, tid=12420
#
# JRE version:  (19.0.2+7) (build )
# Java VM: OpenJDK 64-Bit Server VM (19.0.2+7-FR, mixed mode, sharing, tiered, compressed oops, compressed class ptrs, g1 gc, windows-amd64)
# No core dump will be written. Minidumps are not enabled by default on client versions of Windows
#

---------------  S U M M A R Y ------------

Command Line: -Dfile.encoding=windows-1252 -Duser.country=MX -Duser.language=es -Duser.variant org.example.Main

Host: AMD Ryzen 5 2500U with Radeon Vega Mobile Gfx  , 8 cores, 6G,  Windows 10 , 64 bit Build 19041 (10.0.19041.3155)
Time: Thu Sep 28 14:15:14 2023 Hora estándar central (México) elapsed time: 0.024121 seconds (0d 0h 0m 0s)

---------------  T H R E A D  ---------------

Current thread (0x000001c722f4e350):  JavaThread "Unknown thread" [_thread_in_vm, id=12420, stack(0x0000002bba700000,0x0000002bba800000)]

Stack: [0x0000002bba700000,0x0000002bba800000]
Native frames: (J=compiled Java code, j=interpreted, Vv=VM code, C=native code)
V  [jvm.dll+0x6d034a]
V  [jvm.dll+0x880f10]
V  [jvm.dll+0x88289e]
V  [jvm.dll+0x882f43]
V  [jvm.dll+0x27b4bb]
V  [jvm.dll+0x6cd13a]
V  [jvm.dll+0x6c1d3a]
V  [jvm.dll+0x351969]
V  [jvm.dll+0x359076]
V  [jvm.dll+0x3ad28a]
V  [jvm.dll+0x3ad4cf]
V  [jvm.dll+0x3261ea]
V  [jvm.dll+0x3270a2]
V  [jvm.dll+0x84d530]
V  [jvm.dll+0x3ba241]
V  [jvm.dll+0x82f013]
V  [jvm.dll+0x43a3c3]
V  [jvm.dll+0x43bdf1]
C  [jli.dll+0x519f]
C  [ucrtbase.dll+0x21bb2]
C  [KERNEL32.DLL+0x17614]
C  [ntdll.dll+0x526b1]


---------------  P R O C E S S  ---------------

Threads class SMR info:
_java_thread_list=0x00007ffc90b0ace8, length=0, elements={
}

Java Threads: ( => current thread )

Other Threads:
  0x000001c722fa3760 WorkerThread "GC Thread#0" [stack: 0x0000002bba800000,0x0000002bba900000] [id=21956]
  0x000001c722fb33d0 ConcurrentGCThread "G1 Main Marker" [stack: 0x0000002bba900000,0x0000002bbaa00000] [id=10848]
  0x000001c722fb48b0 WorkerThread "G1 Conc#0" [stack: 0x0000002bbaa00000,0x0000002bbab00000] [id=7740]

[error occurred during error reporting (printing all threads), id 0xc0000005, EXCEPTION_ACCESS_VIOLATION (0xc0000005) at pc=0x00007ffc902a75f7]

VM state: not at safepoint (not fully initialized)

VM Mutex/Monitor currently owned by a thread:  ([mutex/lock_event])
[0x000001c722f4b9d0] Heap_lock - owner thread: 0x000001c722f4e350

Heap address: 0x0000000091800000, size: 1768 MB, Compressed Oops mode: 32-bit

CDS archive(s) mapped at: [0x0000000000000000-0x0000000000000000-0x0000000000000000), size 0, SharedBaseAddress: 0x0000000800000000, ArchiveRelocationMode: 0.
Narrow klass base: 0x0000000000000000, Narrow klass shift: 0, Narrow klass range: 0x0

GC Precious Log:
 CardTable entry size: 512
 Card Set container configuration: InlinePtr #cards 5 size 8 Array Of Cards #cards 12 size 40 Howl #buckets 4 coarsen threshold 1843 Howl Bitmap #cards 512 size 80 coarsen threshold 460 Card regions per heap region 1 cards per card region 2048

Heap:
 garbage-first heap   total 0K, used 0K [0x0000000091800000, 0x0000000100000000)
  region size 1024K, 0 young (0K), 0 survivors (0K)

[error occurred during error reporting (printing heap information), id 0xc0000005, EXCEPTION_ACCESS_VIOLATION (0xc0000005) at pc=0x00007ffc90698059]

GC Heap History (0 events):
No events

Dll operation events (1 events):
Event: 0.012 Loaded shared library D:\Káiser\.jdks\coretto-19.0.2\bin\java.dll

Deoptimization events (0 events):
No events

Classes loaded (0 events):
No events

Classes unloaded (0 events):
No events

Classes redefined (0 events):
No events

Internal exceptions (0 events):
No events

VM Operations (0 events):
No events

Events (0 events):
No events


Dynamic libraries:
0x00007ff646af0000 - 0x00007ff646afd000 	D:\Káiser\.jdks\coretto-19.0.2\bin\java.exe
0x00007ffcf0190000 - 0x00007ffcf0388000 	C:\WINDOWS\SYSTEM32\ntdll.dll
0x00007ffcc9380000 - 0x00007ffcc9399000 	C:\Program Files\AVG\Antivirus\aswhook.dll
0x00007ffcee1f0000 - 0x00007ffcee2af000 	C:\WINDOWS\System32\KERNEL32.DLL
0x00007ffcedc50000 - 0x00007ffcedf46000 	C:\WINDOWS\System32\KERNELBASE.dll
0x00007ffced9f0000 - 0x00007ffcedaf0000 	C:\WINDOWS\System32\ucrtbase.dll
0x00007ffce8800000 - 0x00007ffce8817000 	D:\Káiser\.jdks\coretto-19.0.2\bin\jli.dll
0x00007ffce7250000 - 0x00007ffce7265000 	D:\Káiser\.jdks\coretto-19.0.2\bin\VCRUNTIME140.dll
0x00007ffcef4e0000 - 0x00007ffcef67d000 	C:\WINDOWS\System32\USER32.dll
0x00007ffcdcf90000 - 0x00007ffcdd22a000 	C:\WINDOWS\WinSxS\amd64_microsoft.windows.common-controls_6595b64144ccf1df_6.0.19041.1110_none_60b5254171f9507e\COMCTL32.dll
0x00007ffced870000 - 0x00007ffced892000 	C:\WINDOWS\System32\win32u.dll
0x00007ffcee740000 - 0x00007ffcee7de000 	C:\WINDOWS\System32\msvcrt.dll
0x00007ffceedd0000 - 0x00007ffceedfc000 	C:\WINDOWS\System32\GDI32.dll
0x00007ffcedf50000 - 0x00007ffcee065000 	C:\WINDOWS\System32\gdi32full.dll
0x00007ffcee070000 - 0x00007ffcee10d000 	C:\WINDOWS\System32\msvcp_win.dll
0x00007ffcef490000 - 0x00007ffcef4c0000 	C:\WINDOWS\System32\IMM32.DLL
0x00007ffcb7be0000 - 0x00007ffcb7c7b000 	D:\Káiser\.jdks\coretto-19.0.2\bin\msvcp140.dll
0x00007ffc8ff70000 - 0x00007ffc90c49000 	D:\Káiser\.jdks\coretto-19.0.2\bin\server\jvm.dll
0x00007ffceec20000 - 0x00007ffceeccf000 	C:\WINDOWS\System32\ADVAPI32.dll
0x00007ffceecd0000 - 0x00007ffceed6c000 	C:\WINDOWS\System32\sechost.dll
0x00007ffcef680000 - 0x00007ffcef7a6000 	C:\WINDOWS\System32\RPCRT4.dll
0x00007ffcd9090000 - 0x00007ffcd9099000 	C:\WINDOWS\SYSTEM32\WSOCK32.dll
0x00007ffceb090000 - 0x00007ffceb0b7000 	C:\WINDOWS\SYSTEM32\WINMM.dll
0x00007ffce46e0000 - 0x00007ffce46ea000 	C:\WINDOWS\SYSTEM32\VERSION.dll
0x00007ffcf00d0000 - 0x00007ffcf013b000 	C:\WINDOWS\System32\WS2_32.dll
0x00007ffcec030000 - 0x00007ffcec042000 	C:\WINDOWS\SYSTEM32\kernel.appcore.dll
0x00007ffce8d70000 - 0x00007ffce8d7a000 	D:\Káiser\.jdks\coretto-19.0.2\bin\jimage.dll
0x00007ffcebe10000 - 0x00007ffcebff4000 	C:\WINDOWS\SYSTEM32\DBGHELP.DLL
0x00007ffce0c90000 - 0x00007ffce0cc4000 	C:\WINDOWS\SYSTEM32\dbgcore.DLL
0x00007ffcee160000 - 0x00007ffcee1e2000 	C:\WINDOWS\System32\bcryptPrimitives.dll
0x00007ffcd36a0000 - 0x00007ffcd36c6000 	D:\Káiser\.jdks\coretto-19.0.2\bin\java.dll

dbghelp: loaded successfully - version: 4.0.5 - missing functions: none
symbol engine: initialized successfully - sym options: 0x614 - pdb path: .;D:\Káiser\.jdks\coretto-19.0.2\bin;C:\WINDOWS\SYSTEM32;C:\Program Files\AVG\Antivirus;C:\WINDOWS\WinSxS\amd64_microsoft.windows.common-controls_6595b64144ccf1df_6.0.19041.1110_none_60b5254171f9507e;D:\Káiser\.jdks\coretto-19.0.2\bin\server

VM Arguments:
jvm_args: -Dfile.encoding=windows-1252 -Duser.country=MX -Duser.language=es -Duser.variant 
java_command: org.example.Main
java_class_path (initial): D:\scan\POO\AgeChecker\build\classes\java\main;D:\scan\POO\AgeChecker\build\resources\main
Launcher Type: SUN_STANDARD

[Global flags]
     intx CICompilerCount                          = 4                                         {product} {ergonomic}
     uint ConcGCThreads                            = 2                                         {product} {ergonomic}
     uint G1ConcRefinementThreads                  = 8                                         {product} {ergonomic}
   size_t G1HeapRegionSize                         = 1048576                                   {product} {ergonomic}
    uintx GCDrainStackTargetSize                   = 64                                        {product} {ergonomic}
   size_t InitialHeapSize                          = 117440512                                 {product} {ergonomic}
   size_t MarkStackSize                            = 4194304                                   {product} {ergonomic}
   size_t MaxHeapSize                              = 1853882368                                {product} {ergonomic}
   size_t MinHeapDeltaBytes                        = 1048576                                   {product} {ergonomic}
   size_t MinHeapSize                              = 8388608                                   {product} {ergonomic}
    uintx NonNMethodCodeHeapSize                   = 5839372                                {pd product} {ergonomic}
    uintx NonProfiledCodeHeapSize                  = 122909434                              {pd product} {ergonomic}
    uintx ProfiledCodeHeapSize                     = 122909434                              {pd product} {ergonomic}
    uintx ReservedCodeCacheSize                    = 251658240                              {pd product} {ergonomic}
     bool SegmentedCodeCache                       = true                                      {product} {ergonomic}
   size_t SoftMaxHeapSize                          = 1853882368                             {manageable} {ergonomic}
     bool UseCompressedClassPointers               = true                           {product lp64_product} {ergonomic}
     bool UseCompressedOops                        = true                           {product lp64_product} {ergonomic}
     bool UseG1GC                                  = true                                      {product} {ergonomic}
     bool UseLargePagesIndividualAllocation        = false                                  {pd product} {ergonomic}

Logging:
Log output configuration:
 #0: stdout all=warning uptime,level,tags foldmultilines=false
 #1: stderr all=off uptime,level,tags foldmultilines=false

Environment Variables:
PATH=C:\Python310\Scripts\;C:\Python310\;C:\Program Files (x86)\Common Files\Oracle\Java\javapath;C:\WINDOWS\system32;C:\WINDOWS;C:\WINDOWS\System32\Wbem;C:\WINDOWS\System32\WindowsPowerShell\v1.0\;C:\WINDOWS\System32\OpenSSH\;C:\Users\Káiser\AppData\Roaming\nvm;C:\Program Files\nodejs;C:\Program Files\Git\cmd;C:\xampp\php;C:\ProgramData\ComposerSetup\bin;C:\Program Files\nodejs\;C:\ProgramData\chocolatey\bin;D:\apache-maven-3.8.6\bin;C:\Program Files\Intel\WiFi\bin\;C:\Program Files\Common Files\Intel\WirelessCommon\;D:\Program Files\Microsoft VS Code\bin;C:\Windows\system32;C:\Windows;C:\Windows\System32\Wbem;C:\Windows\System32\WindowsPowerShell\v1.0\;C:\Windows\System32\OpenSSH\;C:\Program Files\Intel\WiFi\bin\;C:\Program Files\Common Files\Intel\WirelessCommon\;C:\Program Files\Microsoft VS Code\bin;C:\Users\Káiser\AppData\Roaming\nvm;C:\Program Files\nodejs;C:\Users\Káiser\AppData\Local\Microsoft\WindowsApps;C:\Program Files\MongoDB\Server\4.0\bin;C:\Users\Káiser\AppData\Local\Microsoft\WindowsApps;C:\Users\Káiser\AppData\Roaming\Composer\vendor\bin;C:\Users\Káiser\AppData\Roaming\npm;D:\apache-maven-3.8.6\bin;D:\Program Files\IntelliJ IDEA Community Edition 2023.2.1\bin;
USERNAME=Káiser
OS=Windows_NT
PROCESSOR_IDENTIFIER=AMD64 Family 23 Model 17 Stepping 0, AuthenticAMD
TMP=C:\Users\KISER~1\AppData\Local\Temp
TEMP=C:\Users\KISER~1\AppData\Local\Temp



---------------  S Y S T E M  ---------------

OS:
 Windows 10 , 64 bit Build 19041 (10.0.19041.3155)
OS uptime: 6 days 3:40 hours
Hyper-V role detected

CPU: total 8 (initial active 8) (8 cores per cpu, 2 threads per core) family 23 model 17 stepping 0 microcode 0x0, cx8, cmov, fxsr, ht, mmx, 3dnowpref, sse, sse2, sse3, ssse3, sse4a, sse4.1, sse4.2, popcnt, lzcnt, tsc, tscinvbit, avx, avx2, aes, clmul, bmi1, bmi2, adx, sha, fma, vzeroupper, clflush, clflushopt, hv, rdtscp

Memory: 4k page, system-wide physical 7069M (512M free)
TotalPageFile size 17309M (AvailPageFile size 47M)
current process WorkingSet (physical memory assigned to process): 10M, peak: 10M
current process commit charge ("private bytes"): 60M, peak: 172M

vm_info: OpenJDK 64-Bit Server VM (19.0.2+7-FR) for windows-amd64 JRE (19.0.2+7-FR), built on Jan 13 2023 22:53:32 by "Administrator" with MS VC++ 15.9 (VS2017)

END.
