#
# There is insufficient memory for the Java Runtime Environment to continue.
# Native memory allocation (malloc) failed to allocate 1086016 bytes for Chunk::new
# Possible reasons:
#   The system is out of physical RAM or swap space
#   The process is running with CompressedOops enabled, and the Java Heap may be blocking the growth of the native heap
# Possible solutions:
#   Reduce memory load on the system
#   Increase physical memory or swap space
#   Check if swap backing store is full
#   Decrease Java heap size (-Xmx/-Xms)
#   Decrease number of Java threads
#   Decrease Java thread stack sizes (-Xss)
#   Set larger code cache with -XX:ReservedCodeCacheSize=
#   JVM is running with Unscaled Compressed Oops mode in which the Java heap is
#     placed in the first 4GB address space. The Java Heap base address is the
#     maximum limit for the native heap growth. Please use -XX:HeapBaseMinAddress
#     to set the Java Heap base and to place the Java Heap above 4GB virtual address.
# This output file may be truncated or incomplete.
#
#  Out of Memory Error (arena.cpp:184), pid=6704, tid=19480
#
# JRE version: OpenJDK Runtime Environment Corretto-19.0.2.7.1 (19.0.2+7) (build 19.0.2+7-FR)
# Java VM: OpenJDK 64-Bit Server VM Corretto-19.0.2.7.1 (19.0.2+7-FR, mixed mode, sharing, tiered, compressed oops, compressed class ptrs, g1 gc, windows-amd64)
# No core dump will be written. Minidumps are not enabled by default on client versions of Windows
#

---------------  S U M M A R Y ------------

Command Line: --add-opens=java.base/java.util=ALL-UNNAMED --add-opens=java.base/java.lang=ALL-UNNAMED --add-opens=java.base/java.lang.invoke=ALL-UNNAMED --add-opens=java.prefs/java.util.prefs=ALL-UNNAMED --add-opens=java.base/java.nio.charset=ALL-UNNAMED --add-opens=java.base/java.net=ALL-UNNAMED --add-opens=java.base/java.util.concurrent.atomic=ALL-UNNAMED -XX:MaxMetaspaceSize=384m -XX:+HeapDumpOnOutOfMemoryError -Xms256m -Xmx512m -Dfile.encoding=windows-1252 -Duser.country=MX -Duser.language=es -Duser.variant -javaagent:C:\Users\K暻ser\.gradle\wrapper\dists\gradle-8.2-bin\bbg7u40eoinfdyxsxr3z4i7ta\gradle-8.2\lib\agents\gradle-instrumentation-agent-8.2.jar org.gradle.launcher.daemon.bootstrap.GradleDaemon 8.2

Host: AMD Ryzen 5 2500U with Radeon Vega Mobile Gfx  , 8 cores, 6G,  Windows 10 , 64 bit Build 19041 (10.0.19041.3155)
Time: Thu Sep 14 10:55:51 2023 Hora est烱dar central (M峰ico) elapsed time: 51.337766 seconds (0d 0h 0m 51s)

---------------  T H R E A D  ---------------

Current thread (0x000001600f025f90):  JavaThread "C2 CompilerThread0" daemon [_thread_in_native, id=19480, stack(0x0000000b4cb00000,0x0000000b4cc00000)]


Current CompileTask:
C2:  51337 4379   !   4       java.net.URLClassLoader::findClass (47 bytes)

Stack: [0x0000000b4cb00000,0x0000000b4cc00000]
Native frames: (J=compiled Java code, j=interpreted, Vv=VM code, C=native code)
V  [jvm.dll+0x6d034a]
V  [jvm.dll+0x880f10]
V  [jvm.dll+0x88289e]
V  [jvm.dll+0x882f43]
V  [jvm.dll+0x27b4bb]
V  [jvm.dll+0xdd792]
V  [jvm.dll+0xddb25]
V  [jvm.dll+0x2f2d72]
V  [jvm.dll+0x5d5c0f]
V  [jvm.dll+0x24fb5a]
V  [jvm.dll+0x248c6e]
V  [jvm.dll+0x246488]
V  [jvm.dll+0x1d4bb7]
V  [jvm.dll+0x25558a]
V  [jvm.dll+0x2538d7]
V  [jvm.dll+0x8342bd]
V  [jvm.dll+0x82e2fa]
V  [jvm.dll+0x6cf0d3]
C  [ucrtbase.dll+0x21bb2]
C  [KERNEL32.DLL+0x17614]
C  [ntdll.dll+0x526b1]


---------------  P R O C E S S  ---------------

Threads class SMR info:
_java_thread_list=0x00000160199e30d0, length=41, elements={
0x000001606f85f610, 0x000001600f0065e0, 0x000001600f007a00, 0x000001600f00ce00,
0x000001600f00d750, 0x000001600f00dc90, 0x000001600f016870, 0x000001600f025f90,
0x000001600f029930, 0x000001600f03e700, 0x000001600f127880, 0x000001600f23a910,
0x000001600fba5da0, 0x000001600fb8f770, 0x00000160187488f0, 0x000001600f48ff10,
0x000001600f45ff10, 0x0000016017d2e830, 0x0000016017d2ed70, 0x0000016018698410,
0x0000016018699400, 0x0000016018698960, 0x000001601869ae90, 0x0000016018699ea0,
0x0000016018697ec0, 0x0000016018698eb0, 0x000001601869a3f0, 0x000001601869b3e0,
0x0000016018699950, 0x0000016019190a90, 0x0000016019193510, 0x0000016019194a50,
0x0000016019195a40, 0x000001601918f550, 0x0000016019193a60, 0x0000016019190fe0,
0x000001601918faa0, 0x0000016019191a80, 0x0000016019194fa0, 0x0000016019191fd0,
0x00000160191954f0
}

Java Threads: ( => current thread )
  0x000001606f85f610 JavaThread "main" [_thread_blocked, id=25952, stack(0x0000000b4be00000,0x0000000b4bf00000)]
  0x000001600f0065e0 JavaThread "Reference Handler" daemon [_thread_blocked, id=18220, stack(0x0000000b4c500000,0x0000000b4c600000)]
  0x000001600f007a00 JavaThread "Finalizer" daemon [_thread_blocked, id=21796, stack(0x0000000b4c600000,0x0000000b4c700000)]
  0x000001600f00ce00 JavaThread "Signal Dispatcher" daemon [_thread_blocked, id=28500, stack(0x0000000b4c700000,0x0000000b4c800000)]
  0x000001600f00d750 JavaThread "Attach Listener" daemon [_thread_blocked, id=28560, stack(0x0000000b4c800000,0x0000000b4c900000)]
  0x000001600f00dc90 JavaThread "Service Thread" daemon [_thread_blocked, id=4652, stack(0x0000000b4c900000,0x0000000b4ca00000)]
  0x000001600f016870 JavaThread "Monitor Deflation Thread" daemon [_thread_blocked, id=4944, stack(0x0000000b4ca00000,0x0000000b4cb00000)]
=>0x000001600f025f90 JavaThread "C2 CompilerThread0" daemon [_thread_in_native, id=19480, stack(0x0000000b4cb00000,0x0000000b4cc00000)]
  0x000001600f029930 JavaThread "C1 CompilerThread0" daemon [_thread_blocked, id=16600, stack(0x0000000b4cc00000,0x0000000b4cd00000)]
  0x000001600f03e700 JavaThread "Sweeper thread" daemon [_thread_blocked, id=6440, stack(0x0000000b4cd00000,0x0000000b4ce00000)]
  0x000001600f127880 JavaThread "Common-Cleaner" daemon [_thread_blocked, id=920, stack(0x0000000b4ce00000,0x0000000b4cf00000)]
  0x000001600f23a910 JavaThread "Notification Thread" daemon [_thread_blocked, id=22412, stack(0x0000000b4cf00000,0x0000000b4d000000)]
  0x000001600fba5da0 JavaThread "Daemon health stats" [_thread_blocked, id=26248, stack(0x0000000b4d600000,0x0000000b4d700000)]
  0x000001600fb8f770 JavaThread "Incoming local TCP Connector on port 63296" [_thread_in_native, id=21240, stack(0x0000000b4d700000,0x0000000b4d800000)]
  0x00000160187488f0 JavaThread "Daemon periodic checks" [_thread_blocked, id=13928, stack(0x0000000b4d800000,0x0000000b4d900000)]
  0x000001600f48ff10 JavaThread "Daemon" [_thread_blocked, id=24528, stack(0x0000000b4d900000,0x0000000b4da00000)]
  0x000001600f45ff10 JavaThread "Handler for socket connection from /127.0.0.1:63296 to /127.0.0.1:63297" [_thread_in_native, id=1008, stack(0x0000000b4da00000,0x0000000b4db00000)]
  0x0000016017d2e830 JavaThread "Cancel handler" [_thread_blocked, id=28460, stack(0x0000000b4db00000,0x0000000b4dc00000)]
  0x0000016017d2ed70 JavaThread "Daemon worker" [_thread_in_Java, id=27000, stack(0x0000000b4dc00000,0x0000000b4dd00000)]
  0x0000016018698410 JavaThread "Asynchronous log dispatcher for DefaultDaemonConnection: socket connection from /127.0.0.1:63296 to /127.0.0.1:63297" [_thread_blocked, id=28096, stack(0x0000000b4dd00000,0x0000000b4de00000)]
  0x0000016018699400 JavaThread "Stdin handler" [_thread_blocked, id=26048, stack(0x0000000b4de00000,0x0000000b4df00000)]
  0x0000016018698960 JavaThread "Daemon client event forwarder" [_thread_blocked, id=5016, stack(0x0000000b4df00000,0x0000000b4e000000)]
  0x000001601869ae90 JavaThread "Cache worker for journal cache (C:\Users\K치iser\.gradle\caches\journal-1)" [_thread_blocked, id=25936, stack(0x0000000b4e000000,0x0000000b4e100000)]
  0x0000016018699ea0 JavaThread "File lock request listener" [_thread_in_native, id=6836, stack(0x0000000b4e100000,0x0000000b4e200000)]
  0x0000016018697ec0 JavaThread "Cache worker for file hash cache (C:\Users\K치iser\.gradle\caches\8.2\fileHashes)" [_thread_blocked, id=28588, stack(0x0000000b4e200000,0x0000000b4e300000)]
  0x0000016018698eb0 JavaThread "File watcher server" daemon [_thread_in_native, id=27960, stack(0x0000000b4e600000,0x0000000b4e700000)]
  0x000001601869a3f0 JavaThread "File watcher consumer" daemon [_thread_blocked, id=5264, stack(0x0000000b4e700000,0x0000000b4e800000)]
  0x000001601869b3e0 JavaThread "jar transforms" [_thread_blocked, id=9348, stack(0x0000000b4e800000,0x0000000b4e900000)]
  0x0000016018699950 JavaThread "jar transforms Thread 2" [_thread_blocked, id=16892, stack(0x0000000b4e900000,0x0000000b4ea00000)]
  0x0000016019190a90 JavaThread "jar transforms Thread 3" [_thread_blocked, id=19820, stack(0x0000000b4ea00000,0x0000000b4eb00000)]
  0x0000016019193510 JavaThread "jar transforms Thread 4" [_thread_blocked, id=28040, stack(0x0000000b4eb00000,0x0000000b4ec00000)]
  0x0000016019194a50 JavaThread "jar transforms Thread 5" [_thread_blocked, id=13708, stack(0x0000000b4ec00000,0x0000000b4ed00000)]
  0x0000016019195a40 JavaThread "jar transforms Thread 6" [_thread_blocked, id=14432, stack(0x0000000b4ed00000,0x0000000b4ee00000)]
  0x000001601918f550 JavaThread "jar transforms Thread 7" [_thread_blocked, id=25044, stack(0x0000000b4ee00000,0x0000000b4ef00000)]
  0x0000016019193a60 JavaThread "jar transforms Thread 8" [_thread_blocked, id=18276, stack(0x0000000b4ef00000,0x0000000b4f000000)]
  0x0000016019190fe0 JavaThread "Cache worker for checksums cache (D:\scan\POO\AgeChecker\.gradle\8.2\checksums)" [_thread_blocked, id=19900, stack(0x0000000b4f000000,0x0000000b4f100000)]
  0x000001601918faa0 JavaThread "Cache worker for cache directory md-rule (C:\Users\K치iser\.gradle\caches\8.2\md-rule)" [_thread_blocked, id=26084, stack(0x0000000b4f100000,0x0000000b4f200000)]
  0x0000016019191a80 JavaThread "Cache worker for file content cache (C:\Users\K치iser\.gradle\caches\8.2\fileContent)" [_thread_blocked, id=15232, stack(0x0000000b4f200000,0x0000000b4f300000)]
  0x0000016019194fa0 JavaThread "Cache worker for file hash cache (D:\scan\POO\AgeChecker\.gradle\8.2\fileHashes)" [_thread_blocked, id=18888, stack(0x0000000b4f300000,0x0000000b4f400000)]
  0x0000016019191fd0 JavaThread "Cache worker for cache directory md-supplier (C:\Users\K치iser\.gradle\caches\8.2\md-supplier)" [_thread_blocked, id=19452, stack(0x0000000b4f400000,0x0000000b4f500000)]
  0x00000160191954f0 JavaThread "Cache worker for execution history cache (C:\Users\K치iser\.gradle\caches\8.2\executionHistory)" [_thread_blocked, id=10696, stack(0x0000000b4f500000,0x0000000b4f600000)]

Other Threads:
  0x000001607baf1b20 VMThread "VM Thread" [stack: 0x0000000b4c400000,0x0000000b4c500000] [id=21508]
  0x000001600f23c6a0 WatcherThread "VM Periodic Task Thread" [stack: 0x0000000b4d000000,0x0000000b4d100000] [id=23752]
  0x000001606f890bb0 WorkerThread "GC Thread#0" [stack: 0x0000000b4bf00000,0x0000000b4c000000] [id=21440]
  0x000001600f98b730 WorkerThread "GC Thread#1" [stack: 0x0000000b4d100000,0x0000000b4d200000] [id=26680]
  0x000001600f98ba00 WorkerThread "GC Thread#2" [stack: 0x0000000b4d200000,0x0000000b4d300000] [id=14840]
  0x000001600f98b460 WorkerThread "GC Thread#3" [stack: 0x0000000b4d300000,0x0000000b4d400000] [id=26800]
  0x000001600f98a650 WorkerThread "GC Thread#4" [stack: 0x0000000b4d400000,0x0000000b4d500000] [id=25312]
  0x000001600f98aec0 WorkerThread "GC Thread#5" [stack: 0x0000000b4d500000,0x0000000b4d600000] [id=4656]
  0x0000016018b97fd0 WorkerThread "GC Thread#6" [stack: 0x0000000b4e300000,0x0000000b4e400000] [id=23464]
  0x0000016018b9a190 WorkerThread "GC Thread#7" [stack: 0x0000000b4e400000,0x0000000b4e500000] [id=26428]
  0x000001606f895a20 ConcurrentGCThread "G1 Main Marker" [stack: 0x0000000b4c000000,0x0000000b4c100000] [id=24472]
  0x000001606f8965d0 WorkerThread "G1 Conc#0" [stack: 0x0000000b4c100000,0x0000000b4c200000] [id=25992]
  0x0000016018b990b0 WorkerThread "G1 Conc#1" [stack: 0x0000000b4e500000,0x0000000b4e600000] [id=26108]
  0x000001607b9af5d0 ConcurrentGCThread "G1 Refine#0" [stack: 0x0000000b4c200000,0x0000000b4c300000] [id=23188]
  0x000001607b9b19e0 ConcurrentGCThread "G1 Service" [stack: 0x0000000b4c300000,0x0000000b4c400000] [id=1980]

Threads with active compile tasks:
C2 CompilerThread0    51398 4379   !   4       java.net.URLClassLoader::findClass (47 bytes)

VM state: not at safepoint (normal execution)

VM Mutex/Monitor currently owned by a thread: None

Heap address: 0x00000000e0000000, size: 512 MB, Compressed Oops mode: 32-bit

CDS archive(s) mapped at: [0x0000000800000000-0x0000000800c40000-0x0000000800c40000), size 12845056, SharedBaseAddress: 0x0000000800000000, ArchiveRelocationMode: 0.
Compressed class space mapped at: 0x0000000801000000-0x0000000814400000, reserved size: 322961408
Narrow klass base: 0x0000000800000000, Narrow klass shift: 0, Narrow klass range: 0x100000000

GC Precious Log:
 CardTable entry size: 512
 Card Set container configuration: InlinePtr #cards 5 size 8 Array Of Cards #cards 12 size 40 Howl #buckets 4 coarsen threshold 1843 Howl Bitmap #cards 512 size 80 coarsen threshold 460 Card regions per heap region 1 cards per card region 2048
 CPUs: 8 total, 8 available
 Memory: 7069M
 Large Page Support: Disabled
 NUMA Support: Disabled
 Compressed Oops: Enabled (32-bit)
 Heap Region Size: 1M
 Heap Min Capacity: 256M
 Heap Initial Capacity: 256M
 Heap Max Capacity: 512M
 Pre-touch: Disabled
 Parallel Workers: 8
 Concurrent Workers: 2
 Concurrent Refinement Workers: 8
 Periodic GC: Disabled

Heap:
 garbage-first heap   total 262144K, used 75408K [0x00000000e0000000, 0x0000000100000000)
  region size 1024K, 29 young (29696K), 2 survivors (2048K)
 Metaspace       used 38559K, committed 40000K, reserved 380928K
  class space    used 5326K, committed 6080K, reserved 315392K

Heap Regions: E=young(eden), S=young(survivor), O=old, HS=humongous(starts), HC=humongous(continues), CS=collection set, F=free, OA=open archive, CA=closed archive, TAMS=top-at-mark-start (previous, next)
|   0|0x00000000e0000000, 0x00000000e0100000, 0x00000000e0100000|100%|HS|  |TAMS 0x00000000e0100000, 0x00000000e0000000| Complete 
|   1|0x00000000e0100000, 0x00000000e0200000, 0x00000000e0200000|100%|HC|  |TAMS 0x00000000e0200000, 0x00000000e0100000| Complete 
|   2|0x00000000e0200000, 0x00000000e0300000, 0x00000000e0300000|100%|HC|  |TAMS 0x00000000e0300000, 0x00000000e0200000| Complete 
|   3|0x00000000e0300000, 0x00000000e0400000, 0x00000000e0400000|100%|HC|  |TAMS 0x00000000e0400000, 0x00000000e0300000| Complete 
|   4|0x00000000e0400000, 0x00000000e0500000, 0x00000000e0500000|100%| O|  |TAMS 0x00000000e0500000, 0x00000000e0400000| Untracked 
|   5|0x00000000e0500000, 0x00000000e0600000, 0x00000000e0600000|100%| O|  |TAMS 0x00000000e0600000, 0x00000000e0500000| Untracked 
|   6|0x00000000e0600000, 0x00000000e0700000, 0x00000000e0700000|100%| O|  |TAMS 0x00000000e0700000, 0x00000000e0600000| Untracked 
|   7|0x00000000e0700000, 0x00000000e0800000, 0x00000000e0800000|100%| O|  |TAMS 0x00000000e0800000, 0x00000000e0700000| Untracked 
|   8|0x00000000e0800000, 0x00000000e0900000, 0x00000000e0900000|100%| O|  |TAMS 0x00000000e0900000, 0x00000000e0800000| Untracked 
|   9|0x00000000e0900000, 0x00000000e0a00000, 0x00000000e0a00000|100%| O|  |TAMS 0x00000000e0a00000, 0x00000000e0900000| Untracked 
|  10|0x00000000e0a00000, 0x00000000e0b00000, 0x00000000e0b00000|100%| O|  |TAMS 0x00000000e0b00000, 0x00000000e0a00000| Untracked 
|  11|0x00000000e0b00000, 0x00000000e0c00000, 0x00000000e0c00000|100%| O|  |TAMS 0x00000000e0c00000, 0x00000000e0b00000| Untracked 
|  12|0x00000000e0c00000, 0x00000000e0d00000, 0x00000000e0d00000|100%|HS|  |TAMS 0x00000000e0d00000, 0x00000000e0c00000| Complete 
|  13|0x00000000e0d00000, 0x00000000e0e00000, 0x00000000e0e00000|100%|HC|  |TAMS 0x00000000e0e00000, 0x00000000e0d00000| Complete 
|  14|0x00000000e0e00000, 0x00000000e0f00000, 0x00000000e0f00000|100%|HS|  |TAMS 0x00000000e0f00000, 0x00000000e0e00000| Complete 
|  15|0x00000000e0f00000, 0x00000000e1000000, 0x00000000e1000000|100%|HC|  |TAMS 0x00000000e1000000, 0x00000000e0f00000| Complete 
|  16|0x00000000e1000000, 0x00000000e1100000, 0x00000000e1100000|100%|HC|  |TAMS 0x00000000e1100000, 0x00000000e1000000| Complete 
|  17|0x00000000e1100000, 0x00000000e1200000, 0x00000000e1200000|100%|HS|  |TAMS 0x00000000e1200000, 0x00000000e1100000| Complete 
|  18|0x00000000e1200000, 0x00000000e1300000, 0x00000000e1300000|100%|HC|  |TAMS 0x00000000e1300000, 0x00000000e1200000| Complete 
|  19|0x00000000e1300000, 0x00000000e1400000, 0x00000000e1400000|100%|HC|  |TAMS 0x00000000e1400000, 0x00000000e1300000| Complete 
|  20|0x00000000e1400000, 0x00000000e1500000, 0x00000000e1500000|100%|HS|  |TAMS 0x00000000e1500000, 0x00000000e1400000| Complete 
|  21|0x00000000e1500000, 0x00000000e1600000, 0x00000000e1600000|100%|HC|  |TAMS 0x00000000e1600000, 0x00000000e1500000| Complete 
|  22|0x00000000e1600000, 0x00000000e1700000, 0x00000000e1700000|100%|HC|  |TAMS 0x00000000e1700000, 0x00000000e1600000| Complete 
|  23|0x00000000e1700000, 0x00000000e1800000, 0x00000000e1800000|100%| O|  |TAMS 0x00000000e1800000, 0x00000000e1700000| Untracked 
|  24|0x00000000e1800000, 0x00000000e1900000, 0x00000000e1900000|100%| O|  |TAMS 0x00000000e1900000, 0x00000000e1800000| Complete 
|  25|0x00000000e1900000, 0x00000000e1a00000, 0x00000000e1a00000|100%| O|  |TAMS 0x00000000e1a00000, 0x00000000e1900000| Untracked 
|  26|0x00000000e1a00000, 0x00000000e1b00000, 0x00000000e1b00000|100%| O|  |TAMS 0x00000000e1b00000, 0x00000000e1a00000| Untracked 
|  27|0x00000000e1b00000, 0x00000000e1c00000, 0x00000000e1c00000|100%| O|  |TAMS 0x00000000e1c00000, 0x00000000e1b00000| Untracked 
|  28|0x00000000e1c00000, 0x00000000e1d00000, 0x00000000e1d00000|100%| O|  |TAMS 0x00000000e1d00000, 0x00000000e1c00000| Untracked 
|  29|0x00000000e1d00000, 0x00000000e1e00000, 0x00000000e1e00000|100%| O|  |TAMS 0x00000000e1e00000, 0x00000000e1d00000| Untracked 
|  30|0x00000000e1e00000, 0x00000000e1f00000, 0x00000000e1f00000|100%| O|  |TAMS 0x00000000e1f00000, 0x00000000e1e00000| Untracked 
|  31|0x00000000e1f00000, 0x00000000e2000000, 0x00000000e2000000|100%| O|  |TAMS 0x00000000e2000000, 0x00000000e1f00000| Untracked 
|  32|0x00000000e2000000, 0x00000000e2100000, 0x00000000e2100000|100%| O|  |TAMS 0x00000000e20dac00, 0x00000000e2000000| Untracked 
|  33|0x00000000e2100000, 0x00000000e2200000, 0x00000000e2200000|100%| O|  |TAMS 0x00000000e2100000, 0x00000000e2100000| Untracked 
|  34|0x00000000e2200000, 0x00000000e2300000, 0x00000000e2300000|100%| O|  |TAMS 0x00000000e2200000, 0x00000000e2200000| Untracked 
|  35|0x00000000e2300000, 0x00000000e2400000, 0x00000000e2400000|100%| O|  |TAMS 0x00000000e2300000, 0x00000000e2300000| Untracked 
|  36|0x00000000e2400000, 0x00000000e2500000, 0x00000000e2500000|100%| O|  |TAMS 0x00000000e2400000, 0x00000000e2400000| Untracked 
|  37|0x00000000e2500000, 0x00000000e2600000, 0x00000000e2600000|100%| O|  |TAMS 0x00000000e2500000, 0x00000000e2500000| Untracked 
|  38|0x00000000e2600000, 0x00000000e2700000, 0x00000000e2700000|100%| O|  |TAMS 0x00000000e2600000, 0x00000000e2600000| Untracked 
|  39|0x00000000e2700000, 0x00000000e2800000, 0x00000000e2800000|100%| O|  |TAMS 0x00000000e2700000, 0x00000000e2700000| Untracked 
|  40|0x00000000e2800000, 0x00000000e2900000, 0x00000000e2900000|100%| O|  |TAMS 0x00000000e2800000, 0x00000000e2800000| Untracked 
|  41|0x00000000e2900000, 0x00000000e2a00000, 0x00000000e2a00000|100%| O|  |TAMS 0x00000000e2900000, 0x00000000e2900000| Untracked 
|  42|0x00000000e2a00000, 0x00000000e2a22600, 0x00000000e2b00000| 13%| O|  |TAMS 0x00000000e2a00000, 0x00000000e2a00000| Untracked 
|  43|0x00000000e2b00000, 0x00000000e2c00000, 0x00000000e2c00000|100%|HS|  |TAMS 0x00000000e2b00000, 0x00000000e2b00000| Complete 
|  44|0x00000000e2c00000, 0x00000000e2d00000, 0x00000000e2d00000|100%|HS|  |TAMS 0x00000000e2c00000, 0x00000000e2c00000| Complete 
|  45|0x00000000e2d00000, 0x00000000e2e00000, 0x00000000e2e00000|100%|HC|  |TAMS 0x00000000e2d00000, 0x00000000e2d00000| Complete 
|  46|0x00000000e2e00000, 0x00000000e2f00000, 0x00000000e2f00000|100%|HS|  |TAMS 0x00000000e2e00000, 0x00000000e2e00000| Complete 
|  47|0x00000000e2f00000, 0x00000000e3000000, 0x00000000e3000000|100%|HC|  |TAMS 0x00000000e2f00000, 0x00000000e2f00000| Complete 
|  48|0x00000000e3000000, 0x00000000e3000000, 0x00000000e3100000|  0%| F|  |TAMS 0x00000000e3000000, 0x00000000e3000000| Untracked 
|  49|0x00000000e3100000, 0x00000000e3100000, 0x00000000e3200000|  0%| F|  |TAMS 0x00000000e3100000, 0x00000000e3100000| Untracked 
|  50|0x00000000e3200000, 0x00000000e3200000, 0x00000000e3300000|  0%| F|  |TAMS 0x00000000e3200000, 0x00000000e3200000| Untracked 
|  51|0x00000000e3300000, 0x00000000e3300000, 0x00000000e3400000|  0%| F|  |TAMS 0x00000000e3300000, 0x00000000e3300000| Untracked 
|  52|0x00000000e3400000, 0x00000000e3400000, 0x00000000e3500000|  0%| F|  |TAMS 0x00000000e3400000, 0x00000000e3400000| Untracked 
|  53|0x00000000e3500000, 0x00000000e3500000, 0x00000000e3600000|  0%| F|  |TAMS 0x00000000e3500000, 0x00000000e3500000| Untracked 
|  54|0x00000000e3600000, 0x00000000e3600000, 0x00000000e3700000|  0%| F|  |TAMS 0x00000000e3600000, 0x00000000e3600000| Untracked 
|  55|0x00000000e3700000, 0x00000000e3700000, 0x00000000e3800000|  0%| F|  |TAMS 0x00000000e3700000, 0x00000000e3700000| Untracked 
|  56|0x00000000e3800000, 0x00000000e3800000, 0x00000000e3900000|  0%| F|  |TAMS 0x00000000e3800000, 0x00000000e3800000| Untracked 
|  57|0x00000000e3900000, 0x00000000e3900000, 0x00000000e3a00000|  0%| F|  |TAMS 0x00000000e3900000, 0x00000000e3900000| Untracked 
|  58|0x00000000e3a00000, 0x00000000e3a00000, 0x00000000e3b00000|  0%| F|  |TAMS 0x00000000e3a00000, 0x00000000e3a00000| Untracked 
|  59|0x00000000e3b00000, 0x00000000e3b00000, 0x00000000e3c00000|  0%| F|  |TAMS 0x00000000e3b00000, 0x00000000e3b00000| Untracked 
|  60|0x00000000e3c00000, 0x00000000e3c00000, 0x00000000e3d00000|  0%| F|  |TAMS 0x00000000e3c00000, 0x00000000e3c00000| Untracked 
|  61|0x00000000e3d00000, 0x00000000e3d00000, 0x00000000e3e00000|  0%| F|  |TAMS 0x00000000e3d00000, 0x00000000e3d00000| Untracked 
|  62|0x00000000e3e00000, 0x00000000e3e00000, 0x00000000e3f00000|  0%| F|  |TAMS 0x00000000e3e00000, 0x00000000e3e00000| Untracked 
|  63|0x00000000e3f00000, 0x00000000e3f00000, 0x00000000e4000000|  0%| F|  |TAMS 0x00000000e3f00000, 0x00000000e3f00000| Untracked 
|  64|0x00000000e4000000, 0x00000000e4000000, 0x00000000e4100000|  0%| F|  |TAMS 0x00000000e4000000, 0x00000000e4000000| Untracked 
|  65|0x00000000e4100000, 0x00000000e4100000, 0x00000000e4200000|  0%| F|  |TAMS 0x00000000e4100000, 0x00000000e4100000| Untracked 
|  66|0x00000000e4200000, 0x00000000e4200000, 0x00000000e4300000|  0%| F|  |TAMS 0x00000000e4200000, 0x00000000e4200000| Untracked 
|  67|0x00000000e4300000, 0x00000000e4300000, 0x00000000e4400000|  0%| F|  |TAMS 0x00000000e4300000, 0x00000000e4300000| Untracked 
|  68|0x00000000e4400000, 0x00000000e4400000, 0x00000000e4500000|  0%| F|  |TAMS 0x00000000e4400000, 0x00000000e4400000| Untracked 
|  69|0x00000000e4500000, 0x00000000e4500000, 0x00000000e4600000|  0%| F|  |TAMS 0x00000000e4500000, 0x00000000e4500000| Untracked 
|  70|0x00000000e4600000, 0x00000000e4600000, 0x00000000e4700000|  0%| F|  |TAMS 0x00000000e4600000, 0x00000000e4600000| Untracked 
|  71|0x00000000e4700000, 0x00000000e4700000, 0x00000000e4800000|  0%| F|  |TAMS 0x00000000e4700000, 0x00000000e4700000| Untracked 
|  72|0x00000000e4800000, 0x00000000e4800000, 0x00000000e4900000|  0%| F|  |TAMS 0x00000000e4800000, 0x00000000e4800000| Untracked 
|  73|0x00000000e4900000, 0x00000000e4900000, 0x00000000e4a00000|  0%| F|  |TAMS 0x00000000e4900000, 0x00000000e4900000| Untracked 
|  74|0x00000000e4a00000, 0x00000000e4a00000, 0x00000000e4b00000|  0%| F|  |TAMS 0x00000000e4a00000, 0x00000000e4a00000| Untracked 
|  75|0x00000000e4b00000, 0x00000000e4b00000, 0x00000000e4c00000|  0%| F|  |TAMS 0x00000000e4b00000, 0x00000000e4b00000| Untracked 
|  76|0x00000000e4c00000, 0x00000000e4c00000, 0x00000000e4d00000|  0%| F|  |TAMS 0x00000000e4c00000, 0x00000000e4c00000| Untracked 
|  77|0x00000000e4d00000, 0x00000000e4d00000, 0x00000000e4e00000|  0%| F|  |TAMS 0x00000000e4d00000, 0x00000000e4d00000| Untracked 
|  78|0x00000000e4e00000, 0x00000000e4e00000, 0x00000000e4f00000|  0%| F|  |TAMS 0x00000000e4e00000, 0x00000000e4e00000| Untracked 
|  79|0x00000000e4f00000, 0x00000000e4f00000, 0x00000000e5000000|  0%| F|  |TAMS 0x00000000e4f00000, 0x00000000e4f00000| Untracked 
|  80|0x00000000e5000000, 0x00000000e5000000, 0x00000000e5100000|  0%| F|  |TAMS 0x00000000e5000000, 0x00000000e5000000| Untracked 
|  81|0x00000000e5100000, 0x00000000e5100000, 0x00000000e5200000|  0%| F|  |TAMS 0x00000000e5100000, 0x00000000e5100000| Untracked 
|  82|0x00000000e5200000, 0x00000000e5200000, 0x00000000e5300000|  0%| F|  |TAMS 0x00000000e5200000, 0x00000000e5200000| Untracked 
|  83|0x00000000e5300000, 0x00000000e5300000, 0x00000000e5400000|  0%| F|  |TAMS 0x00000000e5300000, 0x00000000e5300000| Untracked 
|  84|0x00000000e5400000, 0x00000000e5400000, 0x00000000e5500000|  0%| F|  |TAMS 0x00000000e5400000, 0x00000000e5400000| Untracked 
|  85|0x00000000e5500000, 0x00000000e5500000, 0x00000000e5600000|  0%| F|  |TAMS 0x00000000e5500000, 0x00000000e5500000| Untracked 
|  86|0x00000000e5600000, 0x00000000e5600000, 0x00000000e5700000|  0%| F|  |TAMS 0x00000000e5600000, 0x00000000e5600000| Untracked 
|  87|0x00000000e5700000, 0x00000000e5700000, 0x00000000e5800000|  0%| F|  |TAMS 0x00000000e5700000, 0x00000000e5700000| Untracked 
|  88|0x00000000e5800000, 0x00000000e5800000, 0x00000000e5900000|  0%| F|  |TAMS 0x00000000e5800000, 0x00000000e5800000| Untracked 
|  89|0x00000000e5900000, 0x00000000e5900000, 0x00000000e5a00000|  0%| F|  |TAMS 0x00000000e5900000, 0x00000000e5900000| Untracked 
|  90|0x00000000e5a00000, 0x00000000e5a00000, 0x00000000e5b00000|  0%| F|  |TAMS 0x00000000e5a00000, 0x00000000e5a00000| Untracked 
|  91|0x00000000e5b00000, 0x00000000e5b00000, 0x00000000e5c00000|  0%| F|  |TAMS 0x00000000e5b00000, 0x00000000e5b00000| Untracked 
|  92|0x00000000e5c00000, 0x00000000e5c00000, 0x00000000e5d00000|  0%| F|  |TAMS 0x00000000e5c00000, 0x00000000e5c00000| Untracked 
|  93|0x00000000e5d00000, 0x00000000e5d00000, 0x00000000e5e00000|  0%| F|  |TAMS 0x00000000e5d00000, 0x00000000e5d00000| Untracked 
|  94|0x00000000e5e00000, 0x00000000e5e00000, 0x00000000e5f00000|  0%| F|  |TAMS 0x00000000e5e00000, 0x00000000e5e00000| Untracked 
|  95|0x00000000e5f00000, 0x00000000e5f00000, 0x00000000e6000000|  0%| F|  |TAMS 0x00000000e5f00000, 0x00000000e5f00000| Untracked 
|  96|0x00000000e6000000, 0x00000000e6000000, 0x00000000e6100000|  0%| F|  |TAMS 0x00000000e6000000, 0x00000000e6000000| Untracked 
|  97|0x00000000e6100000, 0x00000000e6100000, 0x00000000e6200000|  0%| F|  |TAMS 0x00000000e6100000, 0x00000000e6100000| Untracked 
|  98|0x00000000e6200000, 0x00000000e6200000, 0x00000000e6300000|  0%| F|  |TAMS 0x00000000e6200000, 0x00000000e6200000| Untracked 
|  99|0x00000000e6300000, 0x00000000e6300000, 0x00000000e6400000|  0%| F|  |TAMS 0x00000000e6300000, 0x00000000e6300000| Untracked 
| 100|0x00000000e6400000, 0x00000000e6400000, 0x00000000e6500000|  0%| F|  |TAMS 0x00000000e6400000, 0x00000000e6400000| Untracked 
| 101|0x00000000e6500000, 0x00000000e6500000, 0x00000000e6600000|  0%| F|  |TAMS 0x00000000e6500000, 0x00000000e6500000| Untracked 
| 102|0x00000000e6600000, 0x00000000e6600000, 0x00000000e6700000|  0%| F|  |TAMS 0x00000000e6600000, 0x00000000e6600000| Untracked 
| 103|0x00000000e6700000, 0x00000000e6700000, 0x00000000e6800000|  0%| F|  |TAMS 0x00000000e6700000, 0x00000000e6700000| Untracked 
| 104|0x00000000e6800000, 0x00000000e6800000, 0x00000000e6900000|  0%| F|  |TAMS 0x00000000e6800000, 0x00000000e6800000| Untracked 
| 105|0x00000000e6900000, 0x00000000e6900000, 0x00000000e6a00000|  0%| F|  |TAMS 0x00000000e6900000, 0x00000000e6900000| Untracked 
| 106|0x00000000e6a00000, 0x00000000e6a00000, 0x00000000e6b00000|  0%| F|  |TAMS 0x00000000e6a00000, 0x00000000e6a00000| Untracked 
| 107|0x00000000e6b00000, 0x00000000e6b00000, 0x00000000e6c00000|  0%| F|  |TAMS 0x00000000e6b00000, 0x00000000e6b00000| Untracked 
| 108|0x00000000e6c00000, 0x00000000e6c00000, 0x00000000e6d00000|  0%| F|  |TAMS 0x00000000e6c00000, 0x00000000e6c00000| Untracked 
| 109|0x00000000e6d00000, 0x00000000e6d00000, 0x00000000e6e00000|  0%| F|  |TAMS 0x00000000e6d00000, 0x00000000e6d00000| Untracked 
| 110|0x00000000e6e00000, 0x00000000e6e00000, 0x00000000e6f00000|  0%| F|  |TAMS 0x00000000e6e00000, 0x00000000e6e00000| Untracked 
| 111|0x00000000e6f00000, 0x00000000e6f00000, 0x00000000e7000000|  0%| F|  |TAMS 0x00000000e6f00000, 0x00000000e6f00000| Untracked 
| 112|0x00000000e7000000, 0x00000000e7000000, 0x00000000e7100000|  0%| F|  |TAMS 0x00000000e7000000, 0x00000000e7000000| Untracked 
| 113|0x00000000e7100000, 0x00000000e7100000, 0x00000000e7200000|  0%| F|  |TAMS 0x00000000e7100000, 0x00000000e7100000| Untracked 
| 114|0x00000000e7200000, 0x00000000e7200000, 0x00000000e7300000|  0%| F|  |TAMS 0x00000000e7200000, 0x00000000e7200000| Untracked 
| 115|0x00000000e7300000, 0x00000000e7300000, 0x00000000e7400000|  0%| F|  |TAMS 0x00000000e7300000, 0x00000000e7300000| Untracked 
| 116|0x00000000e7400000, 0x00000000e7400000, 0x00000000e7500000|  0%| F|  |TAMS 0x00000000e7400000, 0x00000000e7400000| Untracked 
| 117|0x00000000e7500000, 0x00000000e7500000, 0x00000000e7600000|  0%| F|  |TAMS 0x00000000e7500000, 0x00000000e7500000| Untracked 
| 118|0x00000000e7600000, 0x00000000e7600000, 0x00000000e7700000|  0%| F|  |TAMS 0x00000000e7600000, 0x00000000e7600000| Untracked 
| 119|0x00000000e7700000, 0x00000000e7700000, 0x00000000e7800000|  0%| F|  |TAMS 0x00000000e7700000, 0x00000000e7700000| Untracked 
| 120|0x00000000e7800000, 0x00000000e7800000, 0x00000000e7900000|  0%| F|  |TAMS 0x00000000e7800000, 0x00000000e7800000| Untracked 
| 121|0x00000000e7900000, 0x00000000e7900000, 0x00000000e7a00000|  0%| F|  |TAMS 0x00000000e7900000, 0x00000000e7900000| Untracked 
| 122|0x00000000e7a00000, 0x00000000e7a00000, 0x00000000e7b00000|  0%| F|  |TAMS 0x00000000e7a00000, 0x00000000e7a00000| Untracked 
| 123|0x00000000e7b00000, 0x00000000e7b00000, 0x00000000e7c00000|  0%| F|  |TAMS 0x00000000e7b00000, 0x00000000e7b00000| Untracked 
| 124|0x00000000e7c00000, 0x00000000e7c00000, 0x00000000e7d00000|  0%| F|  |TAMS 0x00000000e7c00000, 0x00000000e7c00000| Untracked 
| 125|0x00000000e7d00000, 0x00000000e7d00000, 0x00000000e7e00000|  0%| F|  |TAMS 0x00000000e7d00000, 0x00000000e7d00000| Untracked 
| 126|0x00000000e7e00000, 0x00000000e7e00000, 0x00000000e7f00000|  0%| F|  |TAMS 0x00000000e7e00000, 0x00000000e7e00000| Untracked 
| 127|0x00000000e7f00000, 0x00000000e7f00000, 0x00000000e8000000|  0%| F|  |TAMS 0x00000000e7f00000, 0x00000000e7f00000| Untracked 
| 128|0x00000000e8000000, 0x00000000e8000000, 0x00000000e8100000|  0%| F|  |TAMS 0x00000000e8000000, 0x00000000e8000000| Untracked 
| 129|0x00000000e8100000, 0x00000000e8100000, 0x00000000e8200000|  0%| F|  |TAMS 0x00000000e8100000, 0x00000000e8100000| Untracked 
| 130|0x00000000e8200000, 0x00000000e8200000, 0x00000000e8300000|  0%| F|  |TAMS 0x00000000e8200000, 0x00000000e8200000| Untracked 
| 131|0x00000000e8300000, 0x00000000e8300000, 0x00000000e8400000|  0%| F|  |TAMS 0x00000000e8300000, 0x00000000e8300000| Untracked 
| 132|0x00000000e8400000, 0x00000000e8400000, 0x00000000e8500000|  0%| F|  |TAMS 0x00000000e8400000, 0x00000000e8400000| Untracked 
| 133|0x00000000e8500000, 0x00000000e8500000, 0x00000000e8600000|  0%| F|  |TAMS 0x00000000e8500000, 0x00000000e8500000| Untracked 
| 134|0x00000000e8600000, 0x00000000e8600000, 0x00000000e8700000|  0%| F|  |TAMS 0x00000000e8600000, 0x00000000e8600000| Untracked 
| 135|0x00000000e8700000, 0x00000000e8700000, 0x00000000e8800000|  0%| F|  |TAMS 0x00000000e8700000, 0x00000000e8700000| Untracked 
| 136|0x00000000e8800000, 0x00000000e8800000, 0x00000000e8900000|  0%| F|  |TAMS 0x00000000e8800000, 0x00000000e8800000| Untracked 
| 137|0x00000000e8900000, 0x00000000e8900000, 0x00000000e8a00000|  0%| F|  |TAMS 0x00000000e8900000, 0x00000000e8900000| Untracked 
| 138|0x00000000e8a00000, 0x00000000e8a00000, 0x00000000e8b00000|  0%| F|  |TAMS 0x00000000e8a00000, 0x00000000e8a00000| Untracked 
| 139|0x00000000e8b00000, 0x00000000e8b00000, 0x00000000e8c00000|  0%| F|  |TAMS 0x00000000e8b00000, 0x00000000e8b00000| Untracked 
| 140|0x00000000e8c00000, 0x00000000e8c00000, 0x00000000e8d00000|  0%| F|  |TAMS 0x00000000e8c00000, 0x00000000e8c00000| Untracked 
| 141|0x00000000e8d00000, 0x00000000e8d00000, 0x00000000e8e00000|  0%| F|  |TAMS 0x00000000e8d00000, 0x00000000e8d00000| Untracked 
| 142|0x00000000e8e00000, 0x00000000e8e00000, 0x00000000e8f00000|  0%| F|  |TAMS 0x00000000e8e00000, 0x00000000e8e00000| Untracked 
| 143|0x00000000e8f00000, 0x00000000e8f00000, 0x00000000e9000000|  0%| F|  |TAMS 0x00000000e8f00000, 0x00000000e8f00000| Untracked 
| 144|0x00000000e9000000, 0x00000000e9000000, 0x00000000e9100000|  0%| F|  |TAMS 0x00000000e9000000, 0x00000000e9000000| Untracked 
| 145|0x00000000e9100000, 0x00000000e9100000, 0x00000000e9200000|  0%| F|  |TAMS 0x00000000e9100000, 0x00000000e9100000| Untracked 
| 146|0x00000000e9200000, 0x00000000e9200000, 0x00000000e9300000|  0%| F|  |TAMS 0x00000000e9200000, 0x00000000e9200000| Untracked 
| 147|0x00000000e9300000, 0x00000000e9300000, 0x00000000e9400000|  0%| F|  |TAMS 0x00000000e9300000, 0x00000000e9300000| Untracked 
| 148|0x00000000e9400000, 0x00000000e9400000, 0x00000000e9500000|  0%| F|  |TAMS 0x00000000e9400000, 0x00000000e9400000| Untracked 
| 149|0x00000000e9500000, 0x00000000e9500000, 0x00000000e9600000|  0%| F|  |TAMS 0x00000000e9500000, 0x00000000e9500000| Untracked 
| 150|0x00000000e9600000, 0x00000000e9600000, 0x00000000e9700000|  0%| F|  |TAMS 0x00000000e9600000, 0x00000000e9600000| Untracked 
| 151|0x00000000e9700000, 0x00000000e9700000, 0x00000000e9800000|  0%| F|  |TAMS 0x00000000e9700000, 0x00000000e9700000| Untracked 
| 152|0x00000000e9800000, 0x00000000e9800000, 0x00000000e9900000|  0%| F|  |TAMS 0x00000000e9800000, 0x00000000e9800000| Untracked 
| 153|0x00000000e9900000, 0x00000000e9900000, 0x00000000e9a00000|  0%| F|  |TAMS 0x00000000e9900000, 0x00000000e9900000| Untracked 
| 154|0x00000000e9a00000, 0x00000000e9a00000, 0x00000000e9b00000|  0%| F|  |TAMS 0x00000000e9a00000, 0x00000000e9a00000| Untracked 
| 155|0x00000000e9b00000, 0x00000000e9b00000, 0x00000000e9c00000|  0%| F|  |TAMS 0x00000000e9b00000, 0x00000000e9b00000| Untracked 
| 156|0x00000000e9c00000, 0x00000000e9c00000, 0x00000000e9d00000|  0%| F|  |TAMS 0x00000000e9c00000, 0x00000000e9c00000| Untracked 
| 157|0x00000000e9d00000, 0x00000000e9d00000, 0x00000000e9e00000|  0%| F|  |TAMS 0x00000000e9d00000, 0x00000000e9d00000| Untracked 
| 158|0x00000000e9e00000, 0x00000000e9e00000, 0x00000000e9f00000|  0%| F|  |TAMS 0x00000000e9e00000, 0x00000000e9e00000| Untracked 
| 159|0x00000000e9f00000, 0x00000000e9f00000, 0x00000000ea000000|  0%| F|  |TAMS 0x00000000e9f00000, 0x00000000e9f00000| Untracked 
| 160|0x00000000ea000000, 0x00000000ea000000, 0x00000000ea100000|  0%| F|  |TAMS 0x00000000ea000000, 0x00000000ea000000| Untracked 
| 161|0x00000000ea100000, 0x00000000ea100000, 0x00000000ea200000|  0%| F|  |TAMS 0x00000000ea100000, 0x00000000ea100000| Untracked 
| 162|0x00000000ea200000, 0x00000000ea200000, 0x00000000ea300000|  0%| F|  |TAMS 0x00000000ea200000, 0x00000000ea200000| Untracked 
| 163|0x00000000ea300000, 0x00000000ea300000, 0x00000000ea400000|  0%| F|  |TAMS 0x00000000ea300000, 0x00000000ea300000| Untracked 
| 164|0x00000000ea400000, 0x00000000ea400000, 0x00000000ea500000|  0%| F|  |TAMS 0x00000000ea400000, 0x00000000ea400000| Untracked 
| 165|0x00000000ea500000, 0x00000000ea500000, 0x00000000ea600000|  0%| F|  |TAMS 0x00000000ea500000, 0x00000000ea500000| Untracked 
| 166|0x00000000ea600000, 0x00000000ea600000, 0x00000000ea700000|  0%| F|  |TAMS 0x00000000ea600000, 0x00000000ea600000| Untracked 
| 167|0x00000000ea700000, 0x00000000ea700000, 0x00000000ea800000|  0%| F|  |TAMS 0x00000000ea700000, 0x00000000ea700000| Untracked 
| 168|0x00000000ea800000, 0x00000000ea800000, 0x00000000ea900000|  0%| F|  |TAMS 0x00000000ea800000, 0x00000000ea800000| Untracked 
| 169|0x00000000ea900000, 0x00000000ea900000, 0x00000000eaa00000|  0%| F|  |TAMS 0x00000000ea900000, 0x00000000ea900000| Untracked 
| 170|0x00000000eaa00000, 0x00000000eaa00000, 0x00000000eab00000|  0%| F|  |TAMS 0x00000000eaa00000, 0x00000000eaa00000| Untracked 
| 171|0x00000000eab00000, 0x00000000eab00000, 0x00000000eac00000|  0%| F|  |TAMS 0x00000000eab00000, 0x00000000eab00000| Untracked 
| 172|0x00000000eac00000, 0x00000000eac00000, 0x00000000ead00000|  0%| F|  |TAMS 0x00000000eac00000, 0x00000000eac00000| Untracked 
| 173|0x00000000ead00000, 0x00000000ead00000, 0x00000000eae00000|  0%| F|  |TAMS 0x00000000ead00000, 0x00000000ead00000| Untracked 
| 174|0x00000000eae00000, 0x00000000eae00000, 0x00000000eaf00000|  0%| F|  |TAMS 0x00000000eae00000, 0x00000000eae00000| Untracked 
| 175|0x00000000eaf00000, 0x00000000eaf00000, 0x00000000eb000000|  0%| F|  |TAMS 0x00000000eaf00000, 0x00000000eaf00000| Untracked 
| 176|0x00000000eb000000, 0x00000000eb000000, 0x00000000eb100000|  0%| F|  |TAMS 0x00000000eb000000, 0x00000000eb000000| Untracked 
| 177|0x00000000eb100000, 0x00000000eb100000, 0x00000000eb200000|  0%| F|  |TAMS 0x00000000eb100000, 0x00000000eb100000| Untracked 
| 178|0x00000000eb200000, 0x00000000eb200000, 0x00000000eb300000|  0%| F|  |TAMS 0x00000000eb200000, 0x00000000eb200000| Untracked 
| 179|0x00000000eb300000, 0x00000000eb300000, 0x00000000eb400000|  0%| F|  |TAMS 0x00000000eb300000, 0x00000000eb300000| Untracked 
| 180|0x00000000eb400000, 0x00000000eb400000, 0x00000000eb500000|  0%| F|  |TAMS 0x00000000eb400000, 0x00000000eb400000| Untracked 
| 181|0x00000000eb500000, 0x00000000eb500000, 0x00000000eb600000|  0%| F|  |TAMS 0x00000000eb500000, 0x00000000eb500000| Untracked 
| 182|0x00000000eb600000, 0x00000000eb600000, 0x00000000eb700000|  0%| F|  |TAMS 0x00000000eb600000, 0x00000000eb600000| Untracked 
| 183|0x00000000eb700000, 0x00000000eb700000, 0x00000000eb800000|  0%| F|  |TAMS 0x00000000eb700000, 0x00000000eb700000| Untracked 
| 184|0x00000000eb800000, 0x00000000eb800000, 0x00000000eb900000|  0%| F|  |TAMS 0x00000000eb800000, 0x00000000eb800000| Untracked 
| 185|0x00000000eb900000, 0x00000000eb900000, 0x00000000eba00000|  0%| F|  |TAMS 0x00000000eb900000, 0x00000000eb900000| Untracked 
| 186|0x00000000eba00000, 0x00000000eba00000, 0x00000000ebb00000|  0%| F|  |TAMS 0x00000000eba00000, 0x00000000eba00000| Untracked 
| 187|0x00000000ebb00000, 0x00000000ebb00000, 0x00000000ebc00000|  0%| F|  |TAMS 0x00000000ebb00000, 0x00000000ebb00000| Untracked 
| 188|0x00000000ebc00000, 0x00000000ebc00000, 0x00000000ebd00000|  0%| F|  |TAMS 0x00000000ebc00000, 0x00000000ebc00000| Untracked 
| 189|0x00000000ebd00000, 0x00000000ebd00000, 0x00000000ebe00000|  0%| F|  |TAMS 0x00000000ebd00000, 0x00000000ebd00000| Untracked 
| 190|0x00000000ebe00000, 0x00000000ebe00000, 0x00000000ebf00000|  0%| F|  |TAMS 0x00000000ebe00000, 0x00000000ebe00000| Untracked 
| 191|0x00000000ebf00000, 0x00000000ebf00000, 0x00000000ec000000|  0%| F|  |TAMS 0x00000000ebf00000, 0x00000000ebf00000| Untracked 
| 192|0x00000000ec000000, 0x00000000ec000000, 0x00000000ec100000|  0%| F|  |TAMS 0x00000000ec000000, 0x00000000ec000000| Untracked 
| 193|0x00000000ec100000, 0x00000000ec100000, 0x00000000ec200000|  0%| F|  |TAMS 0x00000000ec100000, 0x00000000ec100000| Untracked 
| 194|0x00000000ec200000, 0x00000000ec200000, 0x00000000ec300000|  0%| F|  |TAMS 0x00000000ec200000, 0x00000000ec200000| Untracked 
| 195|0x00000000ec300000, 0x00000000ec300000, 0x00000000ec400000|  0%| F|  |TAMS 0x00000000ec300000, 0x00000000ec300000| Untracked 
| 196|0x00000000ec400000, 0x00000000ec400000, 0x00000000ec500000|  0%| F|  |TAMS 0x00000000ec400000, 0x00000000ec400000| Untracked 
| 197|0x00000000ec500000, 0x00000000ec500000, 0x00000000ec600000|  0%| F|  |TAMS 0x00000000ec500000, 0x00000000ec500000| Untracked 
| 198|0x00000000ec600000, 0x00000000ec600000, 0x00000000ec700000|  0%| F|  |TAMS 0x00000000ec600000, 0x00000000ec600000| Untracked 
| 199|0x00000000ec700000, 0x00000000ec700000, 0x00000000ec800000|  0%| F|  |TAMS 0x00000000ec700000, 0x00000000ec700000| Untracked 
| 200|0x00000000ec800000, 0x00000000ec800000, 0x00000000ec900000|  0%| F|  |TAMS 0x00000000ec800000, 0x00000000ec800000| Untracked 
| 201|0x00000000ec900000, 0x00000000ec900000, 0x00000000eca00000|  0%| F|  |TAMS 0x00000000ec900000, 0x00000000ec900000| Untracked 
| 202|0x00000000eca00000, 0x00000000eca00000, 0x00000000ecb00000|  0%| F|  |TAMS 0x00000000eca00000, 0x00000000eca00000| Untracked 
| 203|0x00000000ecb00000, 0x00000000ecb00000, 0x00000000ecc00000|  0%| F|  |TAMS 0x00000000ecb00000, 0x00000000ecb00000| Untracked 
| 204|0x00000000ecc00000, 0x00000000ecc00000, 0x00000000ecd00000|  0%| F|  |TAMS 0x00000000ecc00000, 0x00000000ecc00000| Untracked 
| 205|0x00000000ecd00000, 0x00000000ecd00000, 0x00000000ece00000|  0%| F|  |TAMS 0x00000000ecd00000, 0x00000000ecd00000| Untracked 
| 206|0x00000000ece00000, 0x00000000ece00000, 0x00000000ecf00000|  0%| F|  |TAMS 0x00000000ece00000, 0x00000000ece00000| Untracked 
| 207|0x00000000ecf00000, 0x00000000ecf00000, 0x00000000ed000000|  0%| F|  |TAMS 0x00000000ecf00000, 0x00000000ecf00000| Untracked 
| 208|0x00000000ed000000, 0x00000000ed000000, 0x00000000ed100000|  0%| F|  |TAMS 0x00000000ed000000, 0x00000000ed000000| Untracked 
| 209|0x00000000ed100000, 0x00000000ed100000, 0x00000000ed200000|  0%| F|  |TAMS 0x00000000ed100000, 0x00000000ed100000| Untracked 
| 210|0x00000000ed200000, 0x00000000ed200000, 0x00000000ed300000|  0%| F|  |TAMS 0x00000000ed200000, 0x00000000ed200000| Untracked 
| 211|0x00000000ed300000, 0x00000000ed300000, 0x00000000ed400000|  0%| F|  |TAMS 0x00000000ed300000, 0x00000000ed300000| Untracked 
| 212|0x00000000ed400000, 0x00000000ed400000, 0x00000000ed500000|  0%| F|  |TAMS 0x00000000ed400000, 0x00000000ed400000| Untracked 
| 213|0x00000000ed500000, 0x00000000ed500000, 0x00000000ed600000|  0%| F|  |TAMS 0x00000000ed500000, 0x00000000ed500000| Untracked 
| 214|0x00000000ed600000, 0x00000000ed600000, 0x00000000ed700000|  0%| F|  |TAMS 0x00000000ed600000, 0x00000000ed600000| Untracked 
| 215|0x00000000ed700000, 0x00000000ed700000, 0x00000000ed800000|  0%| F|  |TAMS 0x00000000ed700000, 0x00000000ed700000| Untracked 
| 216|0x00000000ed800000, 0x00000000ed800000, 0x00000000ed900000|  0%| F|  |TAMS 0x00000000ed800000, 0x00000000ed800000| Untracked 
| 217|0x00000000ed900000, 0x00000000ed900000, 0x00000000eda00000|  0%| F|  |TAMS 0x00000000ed900000, 0x00000000ed900000| Untracked 
| 218|0x00000000eda00000, 0x00000000eda00000, 0x00000000edb00000|  0%| F|  |TAMS 0x00000000eda00000, 0x00000000eda00000| Untracked 
| 219|0x00000000edb00000, 0x00000000edb00000, 0x00000000edc00000|  0%| F|  |TAMS 0x00000000edb00000, 0x00000000edb00000| Untracked 
| 220|0x00000000edc00000, 0x00000000edc00000, 0x00000000edd00000|  0%| F|  |TAMS 0x00000000edc00000, 0x00000000edc00000| Untracked 
| 221|0x00000000edd00000, 0x00000000edd00000, 0x00000000ede00000|  0%| F|  |TAMS 0x00000000edd00000, 0x00000000edd00000| Untracked 
| 222|0x00000000ede00000, 0x00000000ede00000, 0x00000000edf00000|  0%| F|  |TAMS 0x00000000ede00000, 0x00000000ede00000| Untracked 
| 223|0x00000000edf00000, 0x00000000edf00000, 0x00000000ee000000|  0%| F|  |TAMS 0x00000000edf00000, 0x00000000edf00000| Untracked 
| 224|0x00000000ee000000, 0x00000000ee000000, 0x00000000ee100000|  0%| F|  |TAMS 0x00000000ee000000, 0x00000000ee000000| Untracked 
| 225|0x00000000ee100000, 0x00000000ee100000, 0x00000000ee200000|  0%| F|  |TAMS 0x00000000ee100000, 0x00000000ee100000| Untracked 
| 226|0x00000000ee200000, 0x00000000ee281c10, 0x00000000ee300000| 50%| E|  |TAMS 0x00000000ee200000, 0x00000000ee200000| Complete 
| 227|0x00000000ee300000, 0x00000000ee400000, 0x00000000ee400000|100%| E|CS|TAMS 0x00000000ee300000, 0x00000000ee300000| Complete 
| 228|0x00000000ee400000, 0x00000000ee500000, 0x00000000ee500000|100%| E|CS|TAMS 0x00000000ee400000, 0x00000000ee400000| Complete 
| 229|0x00000000ee500000, 0x00000000ee600000, 0x00000000ee600000|100%| E|CS|TAMS 0x00000000ee500000, 0x00000000ee500000| Complete 
| 230|0x00000000ee600000, 0x00000000ee700000, 0x00000000ee700000|100%| E|CS|TAMS 0x00000000ee600000, 0x00000000ee600000| Complete 
| 231|0x00000000ee700000, 0x00000000ee800000, 0x00000000ee800000|100%| E|CS|TAMS 0x00000000ee700000, 0x00000000ee700000| Complete 
| 232|0x00000000ee800000, 0x00000000ee900000, 0x00000000ee900000|100%| E|CS|TAMS 0x00000000ee800000, 0x00000000ee800000| Complete 
| 233|0x00000000ee900000, 0x00000000eea00000, 0x00000000eea00000|100%| E|CS|TAMS 0x00000000ee900000, 0x00000000ee900000| Complete 
| 234|0x00000000eea00000, 0x00000000eeb00000, 0x00000000eeb00000|100%| E|CS|TAMS 0x00000000eea00000, 0x00000000eea00000| Complete 
| 235|0x00000000eeb00000, 0x00000000eec00000, 0x00000000eec00000|100%| E|CS|TAMS 0x00000000eeb00000, 0x00000000eeb00000| Complete 
| 236|0x00000000eec00000, 0x00000000eed00000, 0x00000000eed00000|100%| E|CS|TAMS 0x00000000eec00000, 0x00000000eec00000| Complete 
| 237|0x00000000eed00000, 0x00000000eee00000, 0x00000000eee00000|100%| E|CS|TAMS 0x00000000eed00000, 0x00000000eed00000| Complete 
| 238|0x00000000eee00000, 0x00000000eef00000, 0x00000000eef00000|100%| E|CS|TAMS 0x00000000eee00000, 0x00000000eee00000| Complete 
| 239|0x00000000eef00000, 0x00000000ef000000, 0x00000000ef000000|100%| E|CS|TAMS 0x00000000eef00000, 0x00000000eef00000| Complete 
| 240|0x00000000ef000000, 0x00000000ef100000, 0x00000000ef100000|100%| E|CS|TAMS 0x00000000ef000000, 0x00000000ef000000| Complete 
| 241|0x00000000ef100000, 0x00000000ef200000, 0x00000000ef200000|100%| E|CS|TAMS 0x00000000ef100000, 0x00000000ef100000| Complete 
| 242|0x00000000ef200000, 0x00000000ef300000, 0x00000000ef300000|100%| E|CS|TAMS 0x00000000ef200000, 0x00000000ef200000| Complete 
| 243|0x00000000ef300000, 0x00000000ef400000, 0x00000000ef400000|100%| E|CS|TAMS 0x00000000ef300000, 0x00000000ef300000| Complete 
| 244|0x00000000ef400000, 0x00000000ef500000, 0x00000000ef500000|100%| E|CS|TAMS 0x00000000ef400000, 0x00000000ef400000| Complete 
| 245|0x00000000ef500000, 0x00000000ef581b58, 0x00000000ef600000| 50%| S|CS|TAMS 0x00000000ef500000, 0x00000000ef500000| Complete 
| 246|0x00000000ef600000, 0x00000000ef700000, 0x00000000ef700000|100%| S|CS|TAMS 0x00000000ef600000, 0x00000000ef600000| Complete 
| 247|0x00000000ef700000, 0x00000000ef800000, 0x00000000ef800000|100%| E|CS|TAMS 0x00000000ef700000, 0x00000000ef700000| Complete 
| 248|0x00000000ef800000, 0x00000000ef900000, 0x00000000ef900000|100%| E|CS|TAMS 0x00000000ef800000, 0x00000000ef800000| Complete 
| 249|0x00000000ef900000, 0x00000000efa00000, 0x00000000efa00000|100%| E|CS|TAMS 0x00000000ef900000, 0x00000000ef900000| Complete 
| 250|0x00000000efa00000, 0x00000000efb00000, 0x00000000efb00000|100%| E|CS|TAMS 0x00000000efa00000, 0x00000000efa00000| Complete 
| 251|0x00000000efb00000, 0x00000000efc00000, 0x00000000efc00000|100%| E|  |TAMS 0x00000000efb00000, 0x00000000efb00000| Complete 
| 252|0x00000000efc00000, 0x00000000efd00000, 0x00000000efd00000|100%| E|CS|TAMS 0x00000000efc00000, 0x00000000efc00000| Complete 
| 253|0x00000000efd00000, 0x00000000efe00000, 0x00000000efe00000|100%| E|CS|TAMS 0x00000000efd00000, 0x00000000efd00000| Complete 
| 254|0x00000000efe00000, 0x00000000eff00000, 0x00000000eff00000|100%| E|CS|TAMS 0x00000000efe00000, 0x00000000efe00000| Complete 
| 255|0x00000000eff00000, 0x00000000f0000000, 0x00000000f0000000|100%| E|CS|TAMS 0x00000000eff00000, 0x00000000eff00000| Complete 

Card table byte_map: [0x0000016077e80000,0x0000016077f80000] _byte_map_base: 0x0000016077780000

Marking Bits (Prev, Next): (CMBitMap*) 0x000001606f8910f0, (CMBitMap*) 0x000001606f891130
 Prev Bits: [0x0000016078080000, 0x0000016078880000)
 Next Bits: [0x0000016078880000, 0x0000016079080000)

Polling page: 0x000001606d7d0000

Metaspace:

Usage:
  Non-class:     32.50 MB used.
      Class:      5.21 MB used.
       Both:     37.71 MB used.

Virtual space:
  Non-class space:       64.00 MB reserved,      33.13 MB ( 52%) committed,  1 nodes.
      Class space:      308.00 MB reserved,       5.94 MB (  2%) committed,  1 nodes.
             Both:      372.00 MB reserved,      39.06 MB ( 11%) committed. 

Chunk freelists:
   Non-Class:  2.67 MB
       Class:  1.95 MB
        Both:  4.62 MB

MaxMetaspaceSize: 384.00 MB
CompressedClassSpaceSize: 308.00 MB
Initial GC threshold: 21.00 MB
Current GC threshold: 59.06 MB
CDS: on
MetaspaceReclaimPolicy: balanced
 - commit_granule_bytes: 65536.
 - commit_granule_words: 8192.
 - virtual_space_node_default_size: 8388608.
 - enlarge_chunks_in_place: 1.
 - new_chunks_are_fully_committed: 0.
 - uncommit_free_chunks: 1.
 - use_allocation_guard: 0.


Internal statistics:

num_allocs_failed_limit: 6.
num_arena_births: 2400.
num_arena_deaths: 0.
num_vsnodes_births: 2.
num_vsnodes_deaths: 0.
num_space_committed: 625.
num_space_uncommitted: 0.
num_chunks_returned_to_freelist: 6.
num_chunks_taken_from_freelist: 4246.
num_chunk_merges: 6.
num_chunk_splits: 2699.
num_chunks_enlarged: 1550.
num_inconsistent_stats: 0.

CodeHeap 'non-profiled nmethods': size=120000Kb used=1962Kb max_used=1962Kb free=118037Kb
 bounds [0x0000016007ad0000, 0x0000016007d40000, 0x000001600f000000]
CodeHeap 'profiled nmethods': size=120000Kb used=9156Kb max_used=9156Kb free=110843Kb
 bounds [0x0000016000000000, 0x0000016000900000, 0x0000016007530000]
CodeHeap 'non-nmethods': size=5760Kb used=2402Kb max_used=2425Kb free=3357Kb
 bounds [0x0000016007530000, 0x00000160077a0000, 0x0000016007ad0000]
 total_blobs=5349 nmethods=4524 adapters=734
 compilation: enabled
              stopped_count=0, restarted_count=0
 full_count=0

Compilation events (20 events):
Event: 51.331 Thread 0x000001600f029930 4517       3       groovy.lang.MetaClassImpl::checkIfStdMethod (178 bytes)
Event: 51.332 Thread 0x000001600f029930 nmethod 4517 0x00000160008e2f90 code [0x00000160008e32a0, 0x00000160008e45a8]
Event: 51.332 Thread 0x000001600f029930 4518       3       groovy.lang.MetaClassImpl::addMetaMethodToIndex (65 bytes)
Event: 51.332 Thread 0x000001600f029930 nmethod 4518 0x00000160008e4a90 code [0x00000160008e4ca0, 0x00000160008e5178]
Event: 51.332 Thread 0x000001600f029930 4504       3       com.sun.beans.introspect.PropertyInfo::isPrefix (25 bytes)
Event: 51.333 Thread 0x000001600f029930 nmethod 4504 0x00000160008e5390 code [0x00000160008e5580, 0x00000160008e59a8]
Event: 51.333 Thread 0x000001600f029930 4506       1       com.sun.beans.introspect.PropertyInfo::getIndexed (5 bytes)
Event: 51.333 Thread 0x000001600f029930 nmethod 4506 0x0000016007cb8390 code [0x0000016007cb8520, 0x0000016007cb85d8]
Event: 51.333 Thread 0x000001600f029930 4507       1       com.sun.beans.introspect.PropertyInfo::getPropertyType (5 bytes)
Event: 51.333 Thread 0x000001600f029930 nmethod 4507 0x0000016007cb8690 code [0x0000016007cb8820, 0x0000016007cb88d8]
Event: 51.333 Thread 0x000001600f029930 4508       1       java.beans.PropertyDescriptor::setConstrained (6 bytes)
Event: 51.333 Thread 0x000001600f029930 nmethod 4508 0x0000016007cb8990 code [0x0000016007cb8b20, 0x0000016007cb8bf8]
Event: 51.333 Thread 0x000001600f029930 4509       1       java.beans.PropertyDescriptor::setBound (6 bytes)
Event: 51.333 Thread 0x000001600f029930 nmethod 4509 0x0000016007cb8c90 code [0x0000016007cb8e20, 0x0000016007cb8ef8]
Event: 51.333 Thread 0x000001600f029930 4510       1       java.beans.FeatureDescriptor::setExpert (6 bytes)
Event: 51.333 Thread 0x000001600f029930 nmethod 4510 0x0000016007cb8f90 code [0x0000016007cb9120, 0x0000016007cb91f8]
Event: 51.333 Thread 0x000001600f029930 4511       1       java.beans.FeatureDescriptor::setHidden (6 bytes)
Event: 51.333 Thread 0x000001600f029930 nmethod 4511 0x0000016007cb9290 code [0x0000016007cb9420, 0x0000016007cb94f8]
Event: 51.333 Thread 0x000001600f029930 4512       1       java.beans.FeatureDescriptor::setPreferred (6 bytes)
Event: 51.333 Thread 0x000001600f029930 nmethod 4512 0x0000016007cb9590 code [0x0000016007cb9720, 0x0000016007cb97f8]

GC Heap History (10 events):
Event: 21.959 GC heap before
{Heap before GC invocations=0 (full 0):
 garbage-first heap   total 262144K, used 27648K [0x00000000e0000000, 0x0000000100000000)
  region size 1024K, 23 young (23552K), 0 survivors (0K)
 Metaspace       used 3376K, committed 3648K, reserved 380928K
  class space    used 413K, committed 576K, reserved 315392K
}
Event: 21.968 GC heap after
{Heap after GC invocations=1 (full 0):
 garbage-first heap   total 262144K, used 10508K [0x00000000e0000000, 0x0000000100000000)
  region size 1024K, 3 young (3072K), 3 survivors (3072K)
 Metaspace       used 3376K, committed 3648K, reserved 380928K
  class space    used 413K, committed 576K, reserved 315392K
}
Event: 33.695 GC heap before
{Heap before GC invocations=1 (full 0):
 garbage-first heap   total 262144K, used 40204K [0x00000000e0000000, 0x0000000100000000)
  region size 1024K, 31 young (31744K), 3 survivors (3072K)
 Metaspace       used 4318K, committed 4608K, reserved 380928K
  class space    used 506K, committed 640K, reserved 315392K
}
Event: 33.702 GC heap after
{Heap after GC invocations=2 (full 0):
 garbage-first heap   total 262144K, used 13038K [0x00000000e0000000, 0x0000000100000000)
  region size 1024K, 3 young (3072K), 3 survivors (3072K)
 Metaspace       used 4318K, committed 4608K, reserved 380928K
  class space    used 506K, committed 640K, reserved 315392K
}
Event: 47.285 GC heap before
{Heap before GC invocations=2 (full 0):
 garbage-first heap   total 262144K, used 111342K [0x00000000e0000000, 0x0000000100000000)
  region size 1024K, 100 young (102400K), 3 survivors (3072K)
 Metaspace       used 20841K, committed 21504K, reserved 380928K
  class space    used 2994K, committed 3328K, reserved 315392K
}
Event: 47.302 GC heap after
{Heap after GC invocations=3 (full 0):
 garbage-first heap   total 262144K, used 22059K [0x00000000e0000000, 0x0000000100000000)
  region size 1024K, 12 young (12288K), 12 survivors (12288K)
 Metaspace       used 20841K, committed 21504K, reserved 380928K
  class space    used 2994K, committed 3328K, reserved 315392K
}
Event: 50.620 GC heap before
{Heap before GC invocations=4 (full 0):
 garbage-first heap   total 262144K, used 140843K [0x00000000e0000000, 0x0000000100000000)
  region size 1024K, 118 young (120832K), 12 survivors (12288K)
 Metaspace       used 34824K, committed 36032K, reserved 380928K
  class space    used 4893K, committed 5504K, reserved 315392K
}
Event: 50.640 GC heap after
{Heap after GC invocations=5 (full 0):
 garbage-first heap   total 262144K, used 44520K [0x00000000e0000000, 0x0000000100000000)
  region size 1024K, 11 young (11264K), 11 survivors (11264K)
 Metaspace       used 34824K, committed 36032K, reserved 380928K
  class space    used 4893K, committed 5504K, reserved 315392K
}
Event: 50.728 GC heap before
{Heap before GC invocations=5 (full 0):
 garbage-first heap   total 262144K, used 52712K [0x00000000e0000000, 0x0000000100000000)
  region size 1024K, 20 young (20480K), 11 survivors (11264K)
 Metaspace       used 34946K, committed 36096K, reserved 380928K
  class space    used 4901K, committed 5504K, reserved 315392K
}
Event: 50.737 GC heap after
{Heap after GC invocations=6 (full 0):
 garbage-first heap   total 262144K, used 44688K [0x00000000e0000000, 0x0000000100000000)
  region size 1024K, 2 young (2048K), 2 survivors (2048K)
 Metaspace       used 34946K, committed 36096K, reserved 380928K
  class space    used 4901K, committed 5504K, reserved 315392K
}

Dll operation events (15 events):
Event: 0.047 Loaded shared library D:\K暻ser\.jdks\coretto-19.0.2\bin\java.dll
Event: 0.087 Loaded shared library D:\K暻ser\.jdks\coretto-19.0.2\bin\jsvml.dll
Event: 0.269 Loaded shared library D:\K暻ser\.jdks\coretto-19.0.2\bin\zip.dll
Event: 0.288 Loaded shared library D:\K暻ser\.jdks\coretto-19.0.2\bin\instrument.dll
Event: 0.310 Loaded shared library D:\K暻ser\.jdks\coretto-19.0.2\bin\net.dll
Event: 0.316 Loaded shared library D:\K暻ser\.jdks\coretto-19.0.2\bin\nio.dll
Event: 1.257 Loaded shared library D:\K暻ser\.jdks\coretto-19.0.2\bin\zip.dll
Event: 9.146 Loaded shared library D:\K暻ser\.jdks\coretto-19.0.2\bin\jimage.dll
Event: 12.089 Loaded shared library D:\K暻ser\.jdks\coretto-19.0.2\bin\verify.dll
Event: 21.663 Loaded shared library C:\Users\K暻ser\.gradle\native\68d5fa5c4cc2d200863cafc0d521ce42e7d3e7ee720ec0a83991735586a16f82\windows-amd64\native-platform.dll
Event: 21.722 Loaded shared library C:\Users\K暻ser\.gradle\native\e376f236ea51e6404a007f0833ffe2c6e607c4080706a723a18a27aeea778392\windows-amd64\native-platform-file-events.dll
Event: 43.816 Loaded shared library D:\K暻ser\.jdks\coretto-19.0.2\bin\management.dll
Event: 43.830 Loaded shared library D:\K暻ser\.jdks\coretto-19.0.2\bin\management_ext.dll
Event: 44.224 Loaded shared library D:\K暻ser\.jdks\coretto-19.0.2\bin\extnet.dll
Event: 44.724 Loaded shared library D:\K暻ser\.jdks\coretto-19.0.2\bin\sunmscapi.dll

Deoptimization events (20 events):
Event: 50.567 Thread 0x0000016017d2ed70 DEOPT PACKING pc=0x00000160007e9846 sp=0x0000000b4dcf78e0
Event: 50.567 Thread 0x0000016017d2ed70 DEOPT UNPACKING pc=0x0000016007597543 sp=0x0000000b4dcf6dd8 mode 0
Event: 50.712 Thread 0x0000016017d2ed70 Uncommon trap: trap_request=0xffffffc6 fr.pc=0x0000016007c8de0c relative=0x000000000000080c
Event: 50.712 Thread 0x0000016017d2ed70 Uncommon trap: reason=bimorphic_or_optimized_type_check action=maybe_recompile pc=0x0000016007c8de0c method=java.util.regex.Pattern$Start.match(Ljava/util/regex/Matcher;ILjava/lang/CharSequence;)Z @ 44 c2
Event: 50.712 Thread 0x0000016017d2ed70 DEOPT PACKING pc=0x0000016007c8de0c sp=0x0000000b4dcf8bc0
Event: 50.712 Thread 0x0000016017d2ed70 DEOPT UNPACKING pc=0x0000016007596da3 sp=0x0000000b4dcf8b10 mode 2
Event: 50.713 Thread 0x0000016017d2ed70 Uncommon trap: trap_request=0xffffffc6 fr.pc=0x0000016007c8de0c relative=0x000000000000080c
Event: 50.713 Thread 0x0000016017d2ed70 Uncommon trap: reason=bimorphic_or_optimized_type_check action=maybe_recompile pc=0x0000016007c8de0c method=java.util.regex.Pattern$Start.match(Ljava/util/regex/Matcher;ILjava/lang/CharSequence;)Z @ 44 c2
Event: 50.713 Thread 0x0000016017d2ed70 DEOPT PACKING pc=0x0000016007c8de0c sp=0x0000000b4dcf8bc0
Event: 50.713 Thread 0x0000016017d2ed70 DEOPT UNPACKING pc=0x0000016007596da3 sp=0x0000000b4dcf8b10 mode 2
Event: 50.767 Thread 0x0000016017d2ed70 Uncommon trap: trap_request=0xfffffff4 fr.pc=0x0000016007beafe0 relative=0x00000000000002c0
Event: 50.767 Thread 0x0000016017d2ed70 Uncommon trap: reason=null_check action=make_not_entrant pc=0x0000016007beafe0 method=sun.invoke.util.VerifyType.isNullConversion(Ljava/lang/Class;Ljava/lang/Class;Z)Z @ 67 c2
Event: 50.767 Thread 0x0000016017d2ed70 DEOPT PACKING pc=0x0000016007beafe0 sp=0x0000000b4dcf94b0
Event: 50.767 Thread 0x0000016017d2ed70 DEOPT UNPACKING pc=0x0000016007596da3 sp=0x0000000b4dcf9430 mode 2
Event: 51.034 Thread 0x000001601918f550 Uncommon trap: trap_request=0xffffff3d fr.pc=0x0000016007c42704 relative=0x0000000000000244
Event: 51.034 Thread 0x000001601918f550 Uncommon trap: reason=unstable_fused_if action=reinterpret pc=0x0000016007c42704 method=org.objectweb.asm.ByteVector.putUTF8(Ljava/lang/String;)Lorg/objectweb/asm/ByteVector; @ 93 c2
Event: 51.034 Thread 0x000001601918f550 DEOPT PACKING pc=0x0000016007c42704 sp=0x0000000b4eefe670
Event: 51.034 Thread 0x000001601918f550 DEOPT UNPACKING pc=0x0000016007596da3 sp=0x0000000b4eefe600 mode 2
Event: 51.319 Thread 0x0000016017d2ed70 DEOPT PACKING pc=0x000001600083fab5 sp=0x0000000b4dcf6600
Event: 51.319 Thread 0x0000016017d2ed70 DEOPT UNPACKING pc=0x0000016007597543 sp=0x0000000b4dcf5a88 mode 0

Classes loaded (20 events):
Event: 51.008 Loading class sun/nio/ch/Streams
Event: 51.009 Loading class sun/nio/ch/Streams done
Event: 51.009 Loading class sun/nio/ch/ChannelInputStream
Event: 51.009 Loading class sun/nio/ch/ChannelInputStream done
Event: 51.019 Loading class java/lang/invoke/SerializedLambda
Event: 51.020 Loading class java/lang/invoke/SerializedLambda done
Event: 51.048 Loading class java/nio/StringCharBuffer
Event: 51.049 Loading class java/nio/StringCharBuffer done
Event: 51.080 Loading class java/nio/file/StandardCopyOption
Event: 51.080 Loading class java/nio/file/StandardCopyOption done
Event: 51.080 Loading class sun/nio/fs/WindowsFileCopy
Event: 51.081 Loading class sun/nio/fs/WindowsFileCopy done
Event: 51.221 Loading class sun/reflect/generics/tree/BooleanSignature
Event: 51.221 Loading class sun/reflect/generics/tree/BooleanSignature done
Event: 51.234 Loading class java/lang/invoke/BoundMethodHandle$Species_LLLLLLLLLLLLLLLLLLLLLLLLL
Event: 51.235 Loading class java/lang/invoke/BoundMethodHandle$Species_LLLLLLLLLLLLLLLLLLLLLLLLL done
Event: 51.238 Loading class java/lang/invoke/BoundMethodHandle$Species_LLLLLLLLLLLLLLLLLLLLLLLLLL
Event: 51.238 Loading class java/lang/invoke/BoundMethodHandle$Species_LLLLLLLLLLLLLLLLLLLLLLLLLL done
Event: 51.241 Loading class java/lang/invoke/BoundMethodHandle$Species_LLLLLLLLLLLLLLLLLLLLLLLLLLL
Event: 51.241 Loading class java/lang/invoke/BoundMethodHandle$Species_LLLLLLLLLLLLLLLLLLLLLLLLLLL done

Classes unloaded (0 events):
No events

Classes redefined (0 events):
No events

Internal exceptions (20 events):
Event: 51.083 Thread 0x000001601918f550 Exception <a 'sun/nio/fs/WindowsException'{0x00000000ef22f0d0}> (0x00000000ef22f0d0) 
thrown [s\src\hotspot\share\prims\jni.cpp, line 517]
Event: 51.097 Thread 0x0000016017d2ed70 Exception <a 'java/lang/ClassNotFoundException'{0x00000000ef2a0ba8}: sync_studio_tooling1_f3nrj14uob8cx12mw846iiupeBeanInfo> (0x00000000ef2a0ba8) 
thrown [s\src\hotspot\share\classfile\systemDictionary.cpp, line 255]
Event: 51.097 Thread 0x0000016017d2ed70 Exception <a 'java/lang/ClassNotFoundException'{0x00000000ef2a7910}: sync_studio_tooling1_f3nrj14uob8cx12mw846iiupeCustomizer> (0x00000000ef2a7910) 
thrown [s\src\hotspot\share\classfile\systemDictionary.cpp, line 255]
Event: 51.106 Thread 0x0000016017d2ed70 Exception <a 'java/lang/ClassNotFoundException'{0x00000000ef10d118}: org/gradle/internal/metaobject/ConfigureDelegateBeanInfo> (0x00000000ef10d118) 
thrown [s\src\hotspot\share\classfile\systemDictionary.cpp, line 255]
Event: 51.106 Thread 0x0000016017d2ed70 Exception <a 'java/lang/ClassNotFoundException'{0x00000000ef11d950}: org/gradle/internal/metaobject/ConfigureDelegateCustomizer> (0x00000000ef11d950) 
thrown [s\src\hotspot\share\classfile\systemDictionary.cpp, line 255]
Event: 51.116 Thread 0x0000016017d2ed70 Exception <a 'java/lang/ClassNotFoundException'{0x00000000ef170680}: org/gradle/api/internal/initialization/DefaultScriptHandlerBeanInfo> (0x00000000ef170680) 
thrown [s\src\hotspot\share\classfile\systemDictionary.cpp, line 255]
Event: 51.117 Thread 0x0000016017d2ed70 Exception <a 'java/lang/ClassNotFoundException'{0x00000000ef1811d0}: org/gradle/api/internal/initialization/DefaultScriptHandlerCustomizer> (0x00000000ef1811d0) 
thrown [s\src\hotspot\share\classfile\systemDictionary.cpp, line 255]
Event: 51.168 Thread 0x0000016017d2ed70 Exception <a 'java/lang/NoSuchMethodError'{0x00000000eee8b478}: 'java.lang.Object java.lang.invoke.DirectMethodHandle$Holder.newInvokeSpecial(java.lang.Object, java.lang.Object, java.lang.Object, java.lang.Object, java.lang.Object, java.lang.Object, java.lang.Object, java.lang.Object, java.lang.Object, java.lang.Object, java.lang.Object, java.lang.Object, java.lang.Object)'> (0x00000000eee8b478) 
thrown [s\src\hotspot\share\interpreter\linkResolver.cpp, line 774]
Event: 51.226 Thread 0x0000016017d2ed70 Exception <a 'java/lang/NoSuchMethodError'{0x00000000eeb08208}: 'java.lang.Object java.lang.invoke.DelegatingMethodHandle$Holder.reinvoke_L(java.lang.Object, java.lang.Object, java.lang.Object, java.lang.Object, java.lang.Object, java.lang.Object, java.lang.Object, java.lang.Object, java.lang.Object, java.lang.Object, java.lang.Object, java.lang.Object, java.lang.Object, java.lang.Object, java.lang.Object, java.lang.Object, java.lang.Object, java.lang.Object, java.lang.Object, java.lang.Object, java.lang.O
Event: 51.236 Thread 0x0000016017d2ed70 Exception <a 'java/lang/NoSuchMethodError'{0x00000000eebe9a78}: 'java.lang.Object java.lang.invoke.DirectMethodHandle$Holder.invokeStatic(java.lang.Object, java.lang.Object, java.lang.Object, java.lang.Object, java.lang.Object, java.lang.Object, java.lang.Object, java.lang.Object, java.lang.Object, java.lang.Object, java.lang.Object, java.lang.Object, java.lang.Object, java.lang.Object, java.lang.Object, java.lang.Object, java.lang.Object, java.lang.Object, java.lang.Object, java.lang.Object, java.lang.Obj
Event: 51.239 Thread 0x0000016017d2ed70 Exception <a 'java/lang/NoSuchMethodError'{0x00000000eea20280}: 'java.lang.Object java.lang.invoke.DirectMethodHandle$Holder.invokeStatic(java.lang.Object, java.lang.Object, java.lang.Object, java.lang.Object, java.lang.Object, java.lang.Object, java.lang.Object, java.lang.Object, java.lang.Object, java.lang.Object, java.lang.Object, java.lang.Object, java.lang.Object, java.lang.Object, java.lang.Object, java.lang.Object, java.lang.Object, java.lang.Object, java.lang.Object, java.lang.Object, java.lang.Obj
Event: 51.242 Thread 0x0000016017d2ed70 Exception <a 'java/lang/NoSuchMethodError'{0x00000000eea58310}: 'java.lang.Object java.lang.invoke.DirectMethodHandle$Holder.invokeStatic(java.lang.Object, java.lang.Object, java.lang.Object, java.lang.Object, java.lang.Object, java.lang.Object, java.lang.Object, java.lang.Object, java.lang.Object, java.lang.Object, java.lang.Object, java.lang.Object, java.lang.Object, java.lang.Object, java.lang.Object, java.lang.Object, java.lang.Object, java.lang.Object, java.lang.Object, java.lang.Object, java.lang.Obj
Event: 51.244 Thread 0x0000016017d2ed70 Exception <a 'java/lang/NoSuchMethodError'{0x00000000eea6ee88}: 'java.lang.Object java.lang.invoke.DirectMethodHandle$Holder.invokeSpecial(java.lang.Object, java.lang.Object, java.lang.Object, java.lang.Object, java.lang.Object, java.lang.Object, java.lang.Object, java.lang.Object, java.lang.Object, java.lang.Object, java.lang.Object, java.lang.Object, java.lang.Object, java.lang.Object, java.lang.Object, java.lang.Object, java.lang.Object, java.lang.Object, java.lang.Object, java.lang.Object, java.lang.Ob
Event: 51.244 Thread 0x0000016017d2ed70 Exception <a 'java/lang/NoSuchMethodError'{0x00000000eea75ab8}: 'java.lang.Object java.lang.invoke.DelegatingMethodHandle$Holder.reinvoke_L(java.lang.Object, java.lang.Object, java.lang.Object, java.lang.Object, java.lang.Object, java.lang.Object, java.lang.Object, java.lang.Object, java.lang.Object, java.lang.Object, java.lang.Object, java.lang.Object, java.lang.Object, java.lang.Object, java.lang.Object, java.lang.Object, java.lang.Object, java.lang.Object, java.lang.Object, java.lang.Object, java.lang.O
Event: 51.319 Thread 0x0000016017d2ed70 Exception <a 'java/lang/ClassNotFoundException'{0x00000000ee7b8fc0}: org/gradle/api/internal/artifacts/dsl/dependencies/DefaultDependencyHandler_DecoratedBeanInfo> (0x00000000ee7b8fc0) 
thrown [s\src\hotspot\share\classfile\systemDictionary.cpp, line 255]
Event: 51.320 Thread 0x0000016017d2ed70 Exception <a 'java/lang/ClassNotFoundException'{0x00000000ee7cec88}: org/gradle/api/internal/artifacts/dsl/dependencies/DefaultDependencyHandlerBeanInfo> (0x00000000ee7cec88) 
thrown [s\src\hotspot\share\classfile\systemDictionary.cpp, line 255]
Event: 51.321 Thread 0x0000016017d2ed70 Exception <a 'java/lang/ClassNotFoundException'{0x00000000ee7e4910}: org/gradle/api/internal/artifacts/dsl/dependencies/DefaultDependencyHandlerCustomizer> (0x00000000ee7e4910) 
thrown [s\src\hotspot\share\classfile\systemDictionary.cpp, line 255]
Event: 51.326 Thread 0x0000016017d2ed70 Exception <a 'java/lang/ClassNotFoundException'{0x00000000ee624af0}: org/gradle/api/internal/artifacts/dsl/dependencies/DefaultDependencyHandler_DecoratedCustomizer> (0x00000000ee624af0) 
thrown [s\src\hotspot\share\classfile\systemDictionary.cpp, line 255]
Event: 51.329 Thread 0x0000016017d2ed70 Exception <a 'java/lang/ClassNotFoundException'{0x00000000ee6652f8}: sync_studio_tooling1_f3nrj14uob8cx12mw846iiupe$_run_closure1BeanInfo> (0x00000000ee6652f8) 
thrown [s\src\hotspot\share\classfile\systemDictionary.cpp, line 255]
Event: 51.329 Thread 0x0000016017d2ed70 Exception <a 'java/lang/ClassNotFoundException'{0x00000000ee66c420}: sync_studio_tooling1_f3nrj14uob8cx12mw846iiupe$_run_closure1Customizer> (0x00000000ee66c420) 
thrown [s\src\hotspot\share\classfile\systemDictionary.cpp, line 255]

VM Operations (20 events):
Event: 50.395 Executing VM operation: HandshakeAllThreads
Event: 50.395 Executing VM operation: HandshakeAllThreads done
Event: 50.412 Executing VM operation: HandshakeAllThreads
Event: 50.412 Executing VM operation: HandshakeAllThreads done
Event: 50.522 Executing VM operation: HandshakeAllThreads
Event: 50.523 Executing VM operation: HandshakeAllThreads done
Event: 50.620 Executing VM operation: G1CollectForAllocation
Event: 50.640 Executing VM operation: G1CollectForAllocation done
Event: 50.728 Executing VM operation: CollectForMetadataAllocation
Event: 50.737 Executing VM operation: CollectForMetadataAllocation done
Event: 50.760 Executing VM operation: G1PauseRemark
Event: 50.765 Executing VM operation: G1PauseRemark done
Event: 50.779 Executing VM operation: G1PauseCleanup
Event: 50.779 Executing VM operation: G1PauseCleanup done
Event: 51.044 Executing VM operation: HandshakeAllThreads
Event: 51.044 Executing VM operation: HandshakeAllThreads done
Event: 51.050 Executing VM operation: HandshakeAllThreads
Event: 51.050 Executing VM operation: HandshakeAllThreads done
Event: 51.266 Executing VM operation: HandshakeAllThreads
Event: 51.267 Executing VM operation: HandshakeAllThreads done

Events (20 events):
Event: 45.033 Thread 0x0000016018698960 Thread added: 0x0000016018698960
Event: 45.681 Thread 0x000001601869ae90 Thread added: 0x000001601869ae90
Event: 45.697 Thread 0x0000016018699ea0 Thread added: 0x0000016018699ea0
Event: 46.254 Thread 0x0000016018697ec0 Thread added: 0x0000016018697ec0
Event: 47.360 Thread 0x0000016018698eb0 Thread added: 0x0000016018698eb0
Event: 47.378 Thread 0x000001601869a3f0 Thread added: 0x000001601869a3f0
Event: 47.595 Thread 0x000001601869b3e0 Thread added: 0x000001601869b3e0
Event: 47.596 Thread 0x0000016018699950 Thread added: 0x0000016018699950
Event: 47.596 Thread 0x0000016019190a90 Thread added: 0x0000016019190a90
Event: 47.597 Thread 0x0000016019193510 Thread added: 0x0000016019193510
Event: 47.598 Thread 0x0000016019194a50 Thread added: 0x0000016019194a50
Event: 47.599 Thread 0x0000016019195a40 Thread added: 0x0000016019195a40
Event: 47.599 Thread 0x000001601918f550 Thread added: 0x000001601918f550
Event: 47.601 Thread 0x0000016019193a60 Thread added: 0x0000016019193a60
Event: 48.593 Thread 0x0000016019190fe0 Thread added: 0x0000016019190fe0
Event: 48.648 Thread 0x000001601918faa0 Thread added: 0x000001601918faa0
Event: 48.684 Thread 0x0000016019191a80 Thread added: 0x0000016019191a80
Event: 48.909 Thread 0x0000016019194fa0 Thread added: 0x0000016019194fa0
Event: 48.963 Thread 0x0000016019191fd0 Thread added: 0x0000016019191fd0
Event: 49.176 Thread 0x00000160191954f0 Thread added: 0x00000160191954f0


Dynamic libraries:
0x00007ff71e490000 - 0x00007ff71e49d000 	D:\K暻ser\.jdks\coretto-19.0.2\bin\java.exe
0x00007ffecbe90000 - 0x00007ffecc088000 	C:\WINDOWS\SYSTEM32\ntdll.dll
0x00007ffeb9780000 - 0x00007ffeb9799000 	C:\Program Files\AVG\Antivirus\aswhook.dll
0x00007ffecac70000 - 0x00007ffecad2f000 	C:\WINDOWS\System32\KERNEL32.DLL
0x00007ffec9a30000 - 0x00007ffec9d26000 	C:\WINDOWS\System32\KERNELBASE.dll
0x00007ffec9d30000 - 0x00007ffec9e30000 	C:\WINDOWS\System32\ucrtbase.dll
0x00007ffea2440000 - 0x00007ffea2457000 	D:\K暻ser\.jdks\coretto-19.0.2\bin\jli.dll
0x00007ffea2ac0000 - 0x00007ffea2ad5000 	D:\K暻ser\.jdks\coretto-19.0.2\bin\VCRUNTIME140.dll
0x00007ffecaa20000 - 0x00007ffecabbd000 	C:\WINDOWS\System32\USER32.dll
0x00007ffeb89e0000 - 0x00007ffeb8c7a000 	C:\WINDOWS\WinSxS\amd64_microsoft.windows.common-controls_6595b64144ccf1df_6.0.19041.1110_none_60b5254171f9507e\COMCTL32.dll
0x00007ffec9770000 - 0x00007ffec9792000 	C:\WINDOWS\System32\win32u.dll
0x00007ffecb4b0000 - 0x00007ffecb54e000 	C:\WINDOWS\System32\msvcrt.dll
0x00007ffecac40000 - 0x00007ffecac6c000 	C:\WINDOWS\System32\GDI32.dll
0x00007ffec98a0000 - 0x00007ffec99b5000 	C:\WINDOWS\System32\gdi32full.dll
0x00007ffec96d0000 - 0x00007ffec976d000 	C:\WINDOWS\System32\msvcp_win.dll
0x00007ffecbd20000 - 0x00007ffecbd50000 	C:\WINDOWS\System32\IMM32.DLL
0x00007ffe8c540000 - 0x00007ffe8c5db000 	D:\K暻ser\.jdks\coretto-19.0.2\bin\msvcp140.dll
0x00007ffe70880000 - 0x00007ffe71559000 	D:\K暻ser\.jdks\coretto-19.0.2\bin\server\jvm.dll
0x00007ffeca1f0000 - 0x00007ffeca29f000 	C:\WINDOWS\System32\ADVAPI32.dll
0x00007ffecbdb0000 - 0x00007ffecbe4c000 	C:\WINDOWS\System32\sechost.dll
0x00007ffeca460000 - 0x00007ffeca586000 	C:\WINDOWS\System32\RPCRT4.dll
0x00007ffeb4d00000 - 0x00007ffeb4d09000 	C:\WINDOWS\SYSTEM32\WSOCK32.dll
0x00007ffec6d80000 - 0x00007ffec6da7000 	C:\WINDOWS\SYSTEM32\WINMM.dll
0x00007ffec4ce0000 - 0x00007ffec4cea000 	C:\WINDOWS\SYSTEM32\VERSION.dll
0x00007ffecabc0000 - 0x00007ffecac2b000 	C:\WINDOWS\System32\WS2_32.dll
0x00007ffec7d30000 - 0x00007ffec7d42000 	C:\WINDOWS\SYSTEM32\kernel.appcore.dll
0x00007ffeb6850000 - 0x00007ffeb685a000 	D:\K暻ser\.jdks\coretto-19.0.2\bin\jimage.dll
0x00007ffec7370000 - 0x00007ffec7554000 	C:\WINDOWS\SYSTEM32\DBGHELP.DLL
0x00007ffebc220000 - 0x00007ffebc254000 	C:\WINDOWS\SYSTEM32\dbgcore.DLL
0x00007ffec9e30000 - 0x00007ffec9eb2000 	C:\WINDOWS\System32\bcryptPrimitives.dll
0x00007ffeaf9e0000 - 0x00007ffeaf9ee000 	D:\K暻ser\.jdks\coretto-19.0.2\bin\instrument.dll
0x00007ffe8dd70000 - 0x00007ffe8dd96000 	D:\K暻ser\.jdks\coretto-19.0.2\bin\java.dll
0x00007ffe82770000 - 0x00007ffe82846000 	D:\K暻ser\.jdks\coretto-19.0.2\bin\jsvml.dll
0x00007ffecb5d0000 - 0x00007ffecbd14000 	C:\WINDOWS\System32\SHELL32.dll
0x00007ffec7580000 - 0x00007ffec7d13000 	C:\WINDOWS\SYSTEM32\windows.storage.dll
0x00007ffeca6b0000 - 0x00007ffecaa04000 	C:\WINDOWS\System32\combase.dll
0x00007ffec8ee0000 - 0x00007ffec8f0e000 	C:\WINDOWS\SYSTEM32\Wldp.dll
0x00007ffec9fc0000 - 0x00007ffeca06d000 	C:\WINDOWS\System32\SHCORE.dll
0x00007ffeca0d0000 - 0x00007ffeca125000 	C:\WINDOWS\System32\shlwapi.dll
0x00007ffec94a0000 - 0x00007ffec94c5000 	C:\WINDOWS\SYSTEM32\profapi.dll
0x00007ffe987d0000 - 0x00007ffe987e8000 	D:\K暻ser\.jdks\coretto-19.0.2\bin\zip.dll
0x00007ffe994a0000 - 0x00007ffe994b3000 	D:\K暻ser\.jdks\coretto-19.0.2\bin\net.dll
0x00007ffebfe90000 - 0x00007ffebff9a000 	C:\WINDOWS\SYSTEM32\WINHTTP.dll
0x00007ffec8bf0000 - 0x00007ffec8c5a000 	C:\WINDOWS\system32\mswsock.dll
0x00007ffe99330000 - 0x00007ffe99345000 	D:\K暻ser\.jdks\coretto-19.0.2\bin\nio.dll
0x00007ffeafe80000 - 0x00007ffeafe90000 	D:\K暻ser\.jdks\coretto-19.0.2\bin\verify.dll
0x00007ffe8de10000 - 0x00007ffe8de37000 	C:\Users\K暻ser\.gradle\native\68d5fa5c4cc2d200863cafc0d521ce42e7d3e7ee720ec0a83991735586a16f82\windows-amd64\native-platform.dll
0x00007ffe7bde0000 - 0x00007ffe7bf24000 	C:\Users\K暻ser\.gradle\native\e376f236ea51e6404a007f0833ffe2c6e607c4080706a723a18a27aeea778392\windows-amd64\native-platform-file-events.dll
0x00007ffea9f70000 - 0x00007ffea9f79000 	D:\K暻ser\.jdks\coretto-19.0.2\bin\management.dll
0x00007ffea1b20000 - 0x00007ffea1b2b000 	D:\K暻ser\.jdks\coretto-19.0.2\bin\management_ext.dll
0x00007ffecac30000 - 0x00007ffecac38000 	C:\WINDOWS\System32\PSAPI.DLL
0x00007ffec8da0000 - 0x00007ffec8db8000 	C:\WINDOWS\SYSTEM32\CRYPTSP.dll
0x00007ffec8510000 - 0x00007ffec8544000 	C:\WINDOWS\system32\rsaenh.dll
0x00007ffec9ec0000 - 0x00007ffec9ee7000 	C:\WINDOWS\System32\bcrypt.dll
0x00007ffec9420000 - 0x00007ffec944e000 	C:\WINDOWS\SYSTEM32\USERENV.dll
0x00007ffec8dc0000 - 0x00007ffec8dcc000 	C:\WINDOWS\SYSTEM32\CRYPTBASE.dll
0x00007ffec88f0000 - 0x00007ffec892b000 	C:\WINDOWS\SYSTEM32\IPHLPAPI.DLL
0x00007ffecaa10000 - 0x00007ffecaa18000 	C:\WINDOWS\System32\NSI.dll
0x00007ffec0b10000 - 0x00007ffec0b27000 	C:\WINDOWS\SYSTEM32\dhcpcsvc6.DLL
0x00007ffec1980000 - 0x00007ffec199d000 	C:\WINDOWS\SYSTEM32\dhcpcsvc.DLL
0x00007ffec8930000 - 0x00007ffec89fa000 	C:\WINDOWS\SYSTEM32\DNSAPI.dll
0x00007ffeb06e0000 - 0x00007ffeb06e8000 	D:\K暻ser\.jdks\coretto-19.0.2\bin\extnet.dll
0x00007ffe9f7f0000 - 0x00007ffe9f7fe000 	D:\K暻ser\.jdks\coretto-19.0.2\bin\sunmscapi.dll
0x00007ffec9570000 - 0x00007ffec96ce000 	C:\WINDOWS\System32\CRYPT32.dll
0x00007ffec8f50000 - 0x00007ffec8f78000 	C:\WINDOWS\SYSTEM32\ncrypt.dll
0x00007ffec8f10000 - 0x00007ffec8f4b000 	C:\WINDOWS\SYSTEM32\NTASN1.dll
0x00007ffec25f0000 - 0x00007ffec25f7000 	C:\WINDOWS\system32\wshunix.dll

dbghelp: loaded successfully - version: 4.0.5 - missing functions: none
symbol engine: initialized successfully - sym options: 0x614 - pdb path: .;D:\K暻ser\.jdks\coretto-19.0.2\bin;C:\WINDOWS\SYSTEM32;C:\Program Files\AVG\Antivirus;C:\WINDOWS\WinSxS\amd64_microsoft.windows.common-controls_6595b64144ccf1df_6.0.19041.1110_none_60b5254171f9507e;D:\K暻ser\.jdks\coretto-19.0.2\bin\server;C:\Users\K暻ser\.gradle\native\68d5fa5c4cc2d200863cafc0d521ce42e7d3e7ee720ec0a83991735586a16f82\windows-amd64;C:\Users\K暻ser\.gradle\native\e376f236ea51e6404a007f0833ffe2c6e607c4080706a723a18a27aeea778392\windows-amd64

VM Arguments:
jvm_args: --add-opens=java.base/java.util=ALL-UNNAMED --add-opens=java.base/java.lang=ALL-UNNAMED --add-opens=java.base/java.lang.invoke=ALL-UNNAMED --add-opens=java.prefs/java.util.prefs=ALL-UNNAMED --add-opens=java.base/java.nio.charset=ALL-UNNAMED --add-opens=java.base/java.net=ALL-UNNAMED --add-opens=java.base/java.util.concurrent.atomic=ALL-UNNAMED -XX:MaxMetaspaceSize=384m -XX:+HeapDumpOnOutOfMemoryError -Xms256m -Xmx512m -Dfile.encoding=windows-1252 -Duser.country=MX -Duser.language=es -Duser.variant -javaagent:C:\Users\K暻ser\.gradle\wrapper\dists\gradle-8.2-bin\bbg7u40eoinfdyxsxr3z4i7ta\gradle-8.2\lib\agents\gradle-instrumentation-agent-8.2.jar 
java_command: org.gradle.launcher.daemon.bootstrap.GradleDaemon 8.2
java_class_path (initial): C:\Users\K暻ser\.gradle\wrapper\dists\gradle-8.2-bin\bbg7u40eoinfdyxsxr3z4i7ta\gradle-8.2\lib\gradle-launcher-8.2.jar
Launcher Type: SUN_STANDARD

[Global flags]
     intx CICompilerCount                          = 4                                         {product} {ergonomic}
   size_t CompressedClassSpaceSize                 = 322961408                                 {product} {ergonomic}
     uint ConcGCThreads                            = 2                                         {product} {ergonomic}
     uint G1ConcRefinementThreads                  = 8                                         {product} {ergonomic}
   size_t G1HeapRegionSize                         = 1048576                                   {product} {ergonomic}
    uintx GCDrainStackTargetSize                   = 64                                        {product} {ergonomic}
     bool HeapDumpOnOutOfMemoryError               = true                                   {manageable} {command line}
   size_t InitialHeapSize                          = 268435456                                 {product} {command line}
   size_t MarkStackSize                            = 4194304                                   {product} {ergonomic}
   size_t MaxHeapSize                              = 536870912                                 {product} {command line}
   size_t MaxMetaspaceSize                         = 402653184                                 {product} {command line}
   size_t MaxNewSize                               = 321912832                                 {product} {ergonomic}
   size_t MinHeapDeltaBytes                        = 1048576                                   {product} {ergonomic}
   size_t MinHeapSize                              = 268435456                                 {product} {command line}
    uintx NonNMethodCodeHeapSize                   = 5839372                                {pd product} {ergonomic}
    uintx NonProfiledCodeHeapSize                  = 122909434                              {pd product} {ergonomic}
    uintx ProfiledCodeHeapSize                     = 122909434                              {pd product} {ergonomic}
    uintx ReservedCodeCacheSize                    = 251658240                              {pd product} {ergonomic}
     bool SegmentedCodeCache                       = true                                      {product} {ergonomic}
   size_t SoftMaxHeapSize                          = 536870912                              {manageable} {ergonomic}
     bool UseCompressedClassPointers               = true                           {product lp64_product} {ergonomic}
     bool UseCompressedOops                        = true                           {product lp64_product} {ergonomic}
     bool UseG1GC                                  = true                                      {product} {ergonomic}
     bool UseLargePagesIndividualAllocation        = false                                  {pd product} {ergonomic}

Logging:
Log output configuration:
 #0: stdout all=warning uptime,level,tags foldmultilines=false
 #1: stderr all=off uptime,level,tags foldmultilines=false

Environment Variables:
PATH=C:\Python310\Scripts\;C:\Python310\;C:\Program Files (x86)\Common Files\Oracle\Java\javapath;C:\WINDOWS\system32;C:\WINDOWS;C:\WINDOWS\System32\Wbem;C:\WINDOWS\System32\WindowsPowerShell\v1.0\;C:\WINDOWS\System32\OpenSSH\;C:\Users\K暻ser\AppData\Roaming\nvm;C:\Program Files\nodejs;C:\Program Files\Git\cmd;C:\xampp\php;C:\ProgramData\ComposerSetup\bin;C:\Program Files\nodejs\;C:\ProgramData\chocolatey\bin;D:\apache-maven-3.8.6\bin;C:\Program Files\Intel\WiFi\bin\;C:\Program Files\Common Files\Intel\WirelessCommon\;D:\Program Files\Microsoft VS Code\bin;C:\Windows\system32;C:\Windows;C:\Windows\System32\Wbem;C:\Windows\System32\WindowsPowerShell\v1.0\;C:\Windows\System32\OpenSSH\;C:\Program Files\Intel\WiFi\bin\;C:\Program Files\Common Files\Intel\WirelessCommon\;C:\Program Files\Microsoft VS Code\bin;C:\Users\K暻ser\AppData\Roaming\nvm;C:\Program Files\nodejs;C:\Users\K暻ser\AppData\Local\Microsoft\WindowsApps;C:\Program Files\MongoDB\Server\4.0\bin;C:\Users\K暻ser\AppData\Local\Microsoft\WindowsApps;C:\Users\K暻ser\AppData\Roaming\Composer\vendor\bin;C:\Users\K暻ser\AppData\Roaming\npm;D:\apache-maven-3.8.6\bin;D:\Program Files\IntelliJ IDEA Community Edition 2023.2.1\bin;
USERNAME=K暻ser
OS=Windows_NT
PROCESSOR_IDENTIFIER=AMD64 Family 23 Model 17 Stepping 0, AuthenticAMD
TMP=C:\Users\KISER~1\AppData\Local\Temp
TEMP=C:\Users\KISER~1\AppData\Local\Temp



---------------  S Y S T E M  ---------------

OS:
 Windows 10 , 64 bit Build 19041 (10.0.19041.3155)
OS uptime: 2 days 18:30 hours
Hyper-V role detected

CPU: total 8 (initial active 8) (8 cores per cpu, 2 threads per core) family 23 model 17 stepping 0 microcode 0x0, cx8, cmov, fxsr, ht, mmx, 3dnowpref, sse, sse2, sse3, ssse3, sse4a, sse4.1, sse4.2, popcnt, lzcnt, tsc, tscinvbit, avx, avx2, aes, clmul, bmi1, bmi2, adx, sha, fma, vzeroupper, clflush, clflushopt, hv, rdtscp

Memory: 4k page, system-wide physical 7069M (264M free)
TotalPageFile size 17309M (AvailPageFile size 5M)
current process WorkingSet (physical memory assigned to process): 319M, peak: 319M
current process commit charge ("private bytes"): 448M, peak: 449M

vm_info: OpenJDK 64-Bit Server VM (19.0.2+7-FR) for windows-amd64 JRE (19.0.2+7-FR), built on Jan 13 2023 22:53:32 by "Administrator" with MS VC++ 15.9 (VS2017)

END.
